Started GET "/" for ::1 at 2020-04-19 19:17:53 +0900
  [1m[35m (111.4ms)[0m  [1m[34mSELECT sqlite_version(*)[0m
Processing by Rails::WelcomeController#index as HTML
  Rendering C:/Ruby26-x64/lib/ruby/gems/2.6.0/gems/railties-6.0.2.2/lib/rails/templates/rails/welcome/index.html.erb
  Rendered C:/Ruby26-x64/lib/ruby/gems/2.6.0/gems/railties-6.0.2.2/lib/rails/templates/rails/welcome/index.html.erb (Duration: 38.8ms | Allocations: 416)
Completed 200 OK in 370ms (Views: 297.9ms | ActiveRecord: 0.0ms | Allocations: 2379)


  [1m[35m (14.8ms)[0m  [1m[34mSELECT sqlite_version(*)[0m
  [1m[35m (13.8ms)[0m  [1m[35mCREATE TABLE "schema_migrations" ("version" varchar NOT NULL PRIMARY KEY)[0m
  [1m[35m (10.2ms)[0m  [1m[35mCREATE TABLE "ar_internal_metadata" ("key" varchar NOT NULL PRIMARY KEY, "value" varchar, "created_at" datetime(6) NOT NULL, "updated_at" datetime(6) NOT NULL)[0m
  [1m[35m (0.8ms)[0m  [1m[34mSELECT "schema_migrations"."version" FROM "schema_migrations" ORDER BY "schema_migrations"."version" ASC[0m
Migrating to CreateArticles (20200419104246)
  [1m[35m (0.3ms)[0m  [1m[36mbegin transaction[0m
  [1m[35m (10.2ms)[0m  [1m[35mCREATE TABLE "articles" ("id" integer PRIMARY KEY AUTOINCREMENT NOT NULL, "title" varchar, "text" text, "theater" varchar, "watched_date" datetime, "rate" integer, "created_at" datetime(6) NOT NULL, "updated_at" datetime(6) NOT NULL)[0m
  [1m[36mprimary::SchemaMigration Create (0.9ms)[0m  [1m[32mINSERT INTO "schema_migrations" ("version") VALUES (?)[0m  [["version", "20200419104246"]]
  [1m[35m (10.5ms)[0m  [1m[36mcommit transaction[0m
  [1m[36mActiveRecord::InternalMetadata Load (4.1ms)[0m  [1m[34mSELECT "ar_internal_metadata".* FROM "ar_internal_metadata" WHERE "ar_internal_metadata"."key" = ? LIMIT ?[0m  [["key", "environment"], ["LIMIT", 1]]
  [1m[35m (0.3ms)[0m  [1m[36mbegin transaction[0m
  [1m[36mActiveRecord::InternalMetadata Create (7.2ms)[0m  [1m[32mINSERT INTO "ar_internal_metadata" ("key", "value", "created_at", "updated_at") VALUES (?, ?, ?, ?)[0m  [["key", "environment"], ["value", "development"], ["created_at", "2020-04-19 10:44:15.826524"], ["updated_at", "2020-04-19 10:44:15.826524"]]
  [1m[35m (9.2ms)[0m  [1m[36mcommit transaction[0m
  [1m[35m (0.6ms)[0m  [1m[34mSELECT sqlite_version(*)[0m
  [1m[35m (4.5ms)[0m  [1m[34mSELECT "schema_migrations"."version" FROM "schema_migrations" ORDER BY "schema_migrations"."version" ASC[0m
Started GET "/" for ::1 at 2020-04-19 19:58:58 +0900
  [1m[35m (0.3ms)[0m  [1m[34mSELECT sqlite_version(*)[0m
  [1m[35m (1.0ms)[0m  [1m[34mSELECT "schema_migrations"."version" FROM "schema_migrations" ORDER BY "schema_migrations"."version" ASC[0m
Processing by WelcomeController#index as HTML
  Rendering welcome/index.html.erb within layouts/application
  Rendered welcome/index.html.erb within layouts/application (Duration: 8.8ms | Allocations: 615)
Completed 500 Internal Server Error in 1929ms (ActiveRecord: 0.0ms | Allocations: 16319)


Started GET "/" for ::1 at 2020-04-19 20:03:31 +0900
Processing by WelcomeController#index as HTML
  Rendering welcome/index.html.erb within layouts/application
  Rendered welcome/index.html.erb within layouts/application (Duration: 4.1ms | Allocations: 100)
Completed 500 Internal Server Error in 296ms (ActiveRecord: 0.0ms | Allocations: 3690)


  
ActionView::Template::Error (Error: File to import not found or unreadable: bootstrap.
        on line 1:1 of app/assets/stylesheets/application.scss
>> @import "bootstrap";

   ^
):
     5:     <%= csrf_meta_tags %>
     6:     <%= csp_meta_tag %>
     7: 
     8:     <%= stylesheet_link_tag 'application', media: 'all', 'data-turbolinks-track': 'reload' %>
     9:     <%= javascript_pack_tag 'application', 'data-turbolinks-track': 'reload' %>
    10:     <%= javascript_pack_tag 'raty', 'data-turbolinks-track': 'reload' %>
    11:   </head>
  
app/assets/stylesheets/application.scss:1
app/views/layouts/application.html.erb:8
Started GET "/" for ::1 at 2020-04-19 20:03:59 +0900
Processing by WelcomeController#index as HTML
  Rendering welcome/index.html.erb within layouts/application
  Rendered welcome/index.html.erb within layouts/application (Duration: 1.1ms | Allocations: 91)
Completed 500 Internal Server Error in 268ms (ActiveRecord: 0.0ms | Allocations: 3711)


  
ActionView::Template::Error (Error: File to import not found or unreadable: bootstrap.
        on line 1:1 of app/assets/stylesheets/application.scss
>> @import "bootstrap";

   ^
):
     5:     <%= csrf_meta_tags %>
     6:     <%= csp_meta_tag %>
     7: 
     8:     <%= stylesheet_link_tag 'application', media: 'all', 'data-turbolinks-track': 'reload' %>
     9:     <%= javascript_pack_tag 'application', 'data-turbolinks-track': 'reload' %>
    10:     <%= javascript_pack_tag 'raty', 'data-turbolinks-track': 'reload' %>
    11:   </head>
  
app/assets/stylesheets/application.scss:1
app/views/layouts/application.html.erb:8
Started GET "/" for ::1 at 2020-04-19 20:04:09 +0900
Processing by WelcomeController#index as HTML
  Rendering welcome/index.html.erb within layouts/application
  Rendered welcome/index.html.erb within layouts/application (Duration: 1.1ms | Allocations: 90)
Completed 500 Internal Server Error in 373ms (ActiveRecord: 0.0ms | Allocations: 3631)


  
ActionView::Template::Error (Error: File to import not found or unreadable: bootstrap.
        on line 1:1 of app/assets/stylesheets/application.scss
>> @import "bootstrap";

   ^
):
     5:     <%= csrf_meta_tags %>
     6:     <%= csp_meta_tag %>
     7: 
     8:     <%= stylesheet_link_tag 'application', media: 'all', 'data-turbolinks-track': 'reload' %>
     9:     <%= javascript_pack_tag 'application', 'data-turbolinks-track': 'reload' %>
    10:     <%= javascript_pack_tag 'raty', 'data-turbolinks-track': 'reload' %>
    11:   </head>
  
app/assets/stylesheets/application.scss:1
app/views/layouts/application.html.erb:8
Started GET "/" for ::1 at 2020-04-19 20:04:28 +0900
Processing by WelcomeController#index as HTML
  Rendering welcome/index.html.erb within layouts/application
  Rendered welcome/index.html.erb within layouts/application (Duration: 1.3ms | Allocations: 90)
Completed 500 Internal Server Error in 104ms (ActiveRecord: 0.0ms | Allocations: 3631)


  
ActionView::Template::Error (Error: File to import not found or unreadable: bootstrap.
        on line 1:1 of app/assets/stylesheets/application.scss
>> @import "bootstrap";

   ^
):
     5:     <%= csrf_meta_tags %>
     6:     <%= csp_meta_tag %>
     7: 
     8:     <%= stylesheet_link_tag 'application', media: 'all', 'data-turbolinks-track': 'reload' %>
     9:     <%= javascript_pack_tag 'application', 'data-turbolinks-track': 'reload' %>
    10:     <%= javascript_pack_tag 'raty', 'data-turbolinks-track': 'reload' %>
    11:   </head>
  
app/assets/stylesheets/application.scss:1
app/views/layouts/application.html.erb:8
Started GET "/" for ::1 at 2020-04-19 20:04:37 +0900
Processing by WelcomeController#index as HTML
  Rendering welcome/index.html.erb within layouts/application
  Rendered welcome/index.html.erb within layouts/application (Duration: 1.1ms | Allocations: 90)
Completed 500 Internal Server Error in 729ms (ActiveRecord: 0.0ms | Allocations: 7013)


Started GET "/" for ::1 at 2020-04-19 20:04:41 +0900
Processing by WelcomeController#index as HTML
  Rendering welcome/index.html.erb within layouts/application
  Rendered welcome/index.html.erb within layouts/application (Duration: 0.9ms | Allocations: 90)
Completed 500 Internal Server Error in 56ms (ActiveRecord: 0.0ms | Allocations: 3866)


Started GET "/" for ::1 at 2020-04-19 20:05:09 +0900
Processing by WelcomeController#index as HTML
  Rendering welcome/index.html.erb within layouts/application
  Rendered welcome/index.html.erb within layouts/application (Duration: 0.9ms | Allocations: 93)
Completed 500 Internal Server Error in 83ms (ActiveRecord: 0.0ms | Allocations: 3679)


  
ActionView::Template::Error (Error: File to import not found or unreadable: bootstrap.
        on line 1:1 of app/assets/stylesheets/application.scss
>> @import "bootstrap";

   ^
):
     5:     <%= csrf_meta_tags %>
     6:     <%= csp_meta_tag %>
     7: 
     8:     <%= stylesheet_link_tag 'application', media: 'all', 'data-turbolinks-track': 'reload' %>
     9:     <%= javascript_pack_tag 'application', 'data-turbolinks-track': 'reload' %>
    10:     <%= javascript_pack_tag 'raty', 'data-turbolinks-track': 'reload' %>
    11:   </head>
  
app/assets/stylesheets/application.scss:1
app/views/layouts/application.html.erb:8
Started GET "/" for ::1 at 2020-04-19 20:07:18 +0900
Processing by WelcomeController#index as HTML
  Rendering welcome/index.html.erb within layouts/application
  Rendered welcome/index.html.erb within layouts/application (Duration: 1.8ms | Allocations: 90)
Completed 500 Internal Server Error in 84ms (ActiveRecord: 0.0ms | Allocations: 3631)


  
ActionView::Template::Error (Error: File to import not found or unreadable: bootstrap.
        on line 1:1 of app/assets/stylesheets/application.scss
>> @import "bootstrap";

   ^
):
     5:     <%= csrf_meta_tags %>
     6:     <%= csp_meta_tag %>
     7: 
     8:     <%= stylesheet_link_tag 'application', media: 'all', 'data-turbolinks-track': 'reload' %>
     9:     <%= javascript_pack_tag 'application', 'data-turbolinks-track': 'reload' %>
    10:     <%= javascript_pack_tag 'raty', 'data-turbolinks-track': 'reload' %>
    11:   </head>
  
app/assets/stylesheets/application.scss:1
app/views/layouts/application.html.erb:8
Started GET "/" for ::1 at 2020-04-19 20:08:33 +0900
Processing by WelcomeController#index as HTML
  Rendering welcome/index.html.erb within layouts/application
  Rendered welcome/index.html.erb within layouts/application (Duration: 0.9ms | Allocations: 90)
Completed 500 Internal Server Error in 69ms (ActiveRecord: 0.0ms | Allocations: 3155)


  
ActionView::Template::Error (Error: File to import not found or unreadable: ~bootstrap/scss/bootstrap.
        on line 1:1 of app/assets/stylesheets/application.scss
>> @import '~bootstrap/scss/bootstrap';

   ^
):
     5:     <%= csrf_meta_tags %>
     6:     <%= csp_meta_tag %>
     7: 
     8:     <%= stylesheet_link_tag 'application', media: 'all', 'data-turbolinks-track': 'reload' %>
     9:     <%= javascript_pack_tag 'application', 'data-turbolinks-track': 'reload' %>
    10:     <%= javascript_pack_tag 'raty', 'data-turbolinks-track': 'reload' %>
    11:   </head>
  
app/assets/stylesheets/application.scss:1
app/views/layouts/application.html.erb:8
Started GET "/" for ::1 at 2020-04-19 20:09:00 +0900
Processing by WelcomeController#index as HTML
  Rendering welcome/index.html.erb within layouts/application
  Rendered welcome/index.html.erb within layouts/application (Duration: 2.4ms | Allocations: 90)
Completed 500 Internal Server Error in 292ms (ActiveRecord: 0.0ms | Allocations: 3673)


  
ActionView::Template::Error (Error: File to import not found or unreadable: bootstrap.
        on line 1:1 of app/assets/stylesheets/application.scss
>> @import 'bootstrap';

   ^
):
     5:     <%= csrf_meta_tags %>
     6:     <%= csp_meta_tag %>
     7: 
     8:     <%= stylesheet_link_tag 'application', media: 'all', 'data-turbolinks-track': 'reload' %>
     9:     <%= javascript_pack_tag 'application', 'data-turbolinks-track': 'reload' %>
    10:     <%= javascript_pack_tag 'raty', 'data-turbolinks-track': 'reload' %>
    11:   </head>
  
app/assets/stylesheets/application.scss:1
app/views/layouts/application.html.erb:8
Started GET "/" for ::1 at 2020-04-19 20:09:54 +0900
Processing by WelcomeController#index as HTML
  Rendering welcome/index.html.erb within layouts/application
  Rendered welcome/index.html.erb within layouts/application (Duration: 0.7ms | Allocations: 90)
Completed 500 Internal Server Error in 64ms (ActiveRecord: 0.0ms | Allocations: 3631)


  
ActionView::Template::Error (Error: File to import not found or unreadable: bootstrap.
        on line 1:1 of app/assets/stylesheets/application.scss
>> @import 'bootstrap';

   ^
):
     5:     <%= csrf_meta_tags %>
     6:     <%= csp_meta_tag %>
     7: 
     8:     <%= stylesheet_link_tag 'application', media: 'all', 'data-turbolinks-track': 'reload' %>
     9:     <%= javascript_pack_tag 'application', 'data-turbolinks-track': 'reload' %>
    10:     <%= javascript_pack_tag 'raty', 'data-turbolinks-track': 'reload' %>
    11:   </head>
  
app/assets/stylesheets/application.scss:1
app/views/layouts/application.html.erb:8
Started GET "/" for ::1 at 2020-04-19 20:10:27 +0900
Processing by WelcomeController#index as HTML
  Rendering welcome/index.html.erb within layouts/application
  Rendered welcome/index.html.erb within layouts/application (Duration: 0.9ms | Allocations: 90)
Completed 500 Internal Server Error in 77ms (ActiveRecord: 0.0ms | Allocations: 3673)


  
ActionView::Template::Error (Error: File to import not found or unreadable: bootstrap.
        on line 1:1 of app/assets/stylesheets/application.scss
>> @import "bootstrap";

   ^
):
     5:     <%= csrf_meta_tags %>
     6:     <%= csp_meta_tag %>
     7: 
     8:     <%= stylesheet_link_tag 'application', media: 'all', 'data-turbolinks-track': 'reload' %>
     9:     <%= javascript_pack_tag 'application', 'data-turbolinks-track': 'reload' %>
    10:     <%= javascript_pack_tag 'raty', 'data-turbolinks-track': 'reload' %>
    11:   </head>
  
app/assets/stylesheets/application.scss:1
app/views/layouts/application.html.erb:8
Started GET "/" for ::1 at 2020-04-19 20:11:35 +0900
Processing by WelcomeController#index as HTML
  Rendering welcome/index.html.erb within layouts/application
  Rendered welcome/index.html.erb within layouts/application (Duration: 1.3ms | Allocations: 90)
Completed 500 Internal Server Error in 86ms (ActiveRecord: 0.0ms | Allocations: 6447)


  
ActionView::Template::Error (The asset "application.css" is not present in the asset pipeline.):
     5:     <%= csrf_meta_tags %>
     6:     <%= csp_meta_tag %>
     7: 
     8:     <%= stylesheet_link_tag 'application', media: 'all', 'data-turbolinks-track': 'reload' %>
     9:     <%= javascript_pack_tag 'application', 'data-turbolinks-track': 'reload' %>
    10:     <%= javascript_pack_tag 'raty', 'data-turbolinks-track': 'reload' %>
    11:   </head>
  
app/views/layouts/application.html.erb:8
Started GET "/" for ::1 at 2020-04-19 20:11:54 +0900
Processing by WelcomeController#index as HTML
  Rendering welcome/index.html.erb within layouts/application
  Rendered welcome/index.html.erb within layouts/application (Duration: 1.6ms | Allocations: 93)
Completed 500 Internal Server Error in 72ms (ActiveRecord: 0.0ms | Allocations: 3162)


  
ActionView::Template::Error (Error: File to import not found or unreadable: ~bootstrap/scss/bootstrap.
        on line 1:1 of app/assets/stylesheets/application.scss
>> @import '~bootstrap/scss/bootstrap';

   ^
):
     5:     <%= csrf_meta_tags %>
     6:     <%= csp_meta_tag %>
     7: 
     8:     <%= stylesheet_link_tag 'application', media: 'all', 'data-turbolinks-track': 'reload' %>
     9:     <%= javascript_pack_tag 'application', 'data-turbolinks-track': 'reload' %>
    10:     <%= javascript_pack_tag 'raty', 'data-turbolinks-track': 'reload' %>
    11:   </head>
  
app/assets/stylesheets/application.scss:1
app/views/layouts/application.html.erb:8
Started GET "/" for ::1 at 2020-04-19 20:14:07 +0900
Processing by WelcomeController#index as HTML
  Rendering welcome/index.html.erb within layouts/application
  Rendered welcome/index.html.erb within layouts/application (Duration: 3.0ms | Allocations: 90)
Completed 500 Internal Server Error in 114ms (ActiveRecord: 0.0ms | Allocations: 3113)


  
ActionView::Template::Error (Error: File to import not found or unreadable: ~bootstrap/scss/bootstrap.
        on line 1:1 of app/assets/stylesheets/application.scss
>> @import '~bootstrap/scss/bootstrap';

   ^
):
     5:     <%= csrf_meta_tags %>
     6:     <%= csp_meta_tag %>
     7: 
     8:     <%= stylesheet_link_tag 'application', media: 'all', 'data-turbolinks-track': 'reload' %>
     9:     <%= javascript_pack_tag 'application', 'data-turbolinks-track': 'reload' %>
    10:     <%= javascript_pack_tag 'raty', 'data-turbolinks-track': 'reload' %>
    11:   </head>
  
app/assets/stylesheets/application.scss:1
app/views/layouts/application.html.erb:8
Started GET "/" for ::1 at 2020-04-19 20:15:07 +0900
Processing by WelcomeController#index as HTML
  Rendering welcome/index.html.erb within layouts/application
  Rendered welcome/index.html.erb within layouts/application (Duration: 2.7ms | Allocations: 90)
Completed 500 Internal Server Error in 297ms (ActiveRecord: 0.0ms | Allocations: 3676)


  
ActionView::Template::Error (Error: File to import not found or unreadable: bootstrap.
        on line 1:1 of app/assets/stylesheets/application.scss
>> @import "bootstrap";

   ^
):
     5:     <%= csrf_meta_tags %>
     6:     <%= csp_meta_tag %>
     7: 
     8:     <%= stylesheet_link_tag 'application', media: 'all', 'data-turbolinks-track': 'reload' %>
     9:     <%= javascript_pack_tag 'application', 'data-turbolinks-track': 'reload' %>
    10:     <%= javascript_pack_tag 'raty', 'data-turbolinks-track': 'reload' %>
    11:   </head>
  
app/assets/stylesheets/application.scss:1
app/views/layouts/application.html.erb:8
Started GET "/" for ::1 at 2020-04-19 20:16:18 +0900
Processing by WelcomeController#index as HTML
  Rendering welcome/index.html.erb within layouts/application
  Rendered welcome/index.html.erb within layouts/application (Duration: 0.9ms | Allocations: 90)
Completed 500 Internal Server Error in 182ms (ActiveRecord: 0.0ms | Allocations: 3633)


  
ActionView::Template::Error (Error: File to import not found or unreadable: bootstrap.
        on line 1:1 of app/assets/stylesheets/application.scss
>> @import "bootstrap";

   ^
):
     5:     <%= csrf_meta_tags %>
     6:     <%= csp_meta_tag %>
     7: 
     8:     <%= stylesheet_link_tag 'application', media: 'all', 'data-turbolinks-track': 'reload' %>
     9:     <%= javascript_pack_tag 'application', 'data-turbolinks-track': 'reload' %>
    10:     <%= javascript_pack_tag 'raty', 'data-turbolinks-track': 'reload' %>
    11:   </head>
  
app/assets/stylesheets/application.scss:1
app/views/layouts/application.html.erb:8
Started GET "/" for ::1 at 2020-04-19 20:17:03 +0900
Processing by WelcomeController#index as HTML
  Rendering welcome/index.html.erb within layouts/application
  Rendered welcome/index.html.erb within layouts/application (Duration: 2.2ms | Allocations: 223)
Completed 500 Internal Server Error in 868ms (ActiveRecord: 0.0ms | Allocations: 75153)


  
ActionView::Template::Error (undefined method `stylesheets_link_tag' for #<#<Class:0x000000000c5cd878>:0x000000000c5d7828>
Did you mean?  stylesheet_link_tag
               stylesheet_pack_tag):
     5:     <%= csrf_meta_tags %>
     6:     <%= csp_meta_tag %>
     7: 
     8:     <%= stylesheets_link_tag 'application', media: 'all', 'data-turbolinks-track': 'reload' %>
     9:     <%= javascript_pack_tag 'application', 'data-turbolinks-track': 'reload' %>
    10:     <%= javascript_pack_tag 'raty', 'data-turbolinks-track': 'reload' %>
    11:   </head>
  
app/views/layouts/application.html.erb:8
Started GET "/" for ::1 at 2020-04-19 20:17:24 +0900
Processing by WelcomeController#index as HTML
  Rendering welcome/index.html.erb within layouts/application
  Rendered welcome/index.html.erb within layouts/application (Duration: 2.5ms | Allocations: 223)
Completed 500 Internal Server Error in 121ms (ActiveRecord: 0.0ms | Allocations: 4709)


  
ActionView::Template::Error (Error: File to import not found or unreadable: bootstrap.
        on line 1:1 of app/assets/stylesheets/application.scss
>> @import "bootstrap";

   ^
):
     5:     <%= csrf_meta_tags %>
     6:     <%= csp_meta_tag %>
     7: 
     8:     <%= stylesheet_link_tag 'application', media: 'all', 'data-turbolinks-track': 'reload' %>
     9:     <%= javascript_pack_tag 'application', 'data-turbolinks-track': 'reload' %>
    10:     <%= javascript_pack_tag 'raty', 'data-turbolinks-track': 'reload' %>
    11:   </head>
  
app/assets/stylesheets/application.scss:1
app/views/layouts/application.html.erb:8
Started GET "/" for ::1 at 2020-04-19 20:18:54 +0900
Processing by WelcomeController#index as HTML
  Rendering welcome/index.html.erb within layouts/application
  Rendered welcome/index.html.erb within layouts/application (Duration: 1.2ms | Allocations: 97)
Completed 500 Internal Server Error in 85ms (ActiveRecord: 0.0ms | Allocations: 3681)


  
ActionView::Template::Error (Error: File to import not found or unreadable: bootstrap-sprockets.
        on line 1:1 of app/assets/stylesheets/application.scss
>> @import "bootstrap-sprockets";

   ^
):
     5:     <%= csrf_meta_tags %>
     6:     <%= csp_meta_tag %>
     7: 
     8:     <%= stylesheet_link_tag 'application', media: 'all', 'data-turbolinks-track': 'reload' %>
     9:     <%= javascript_pack_tag 'application', 'data-turbolinks-track': 'reload' %>
    10:     <%= javascript_pack_tag 'raty', 'data-turbolinks-track': 'reload' %>
    11:   </head>
  
app/assets/stylesheets/application.scss:1
app/views/layouts/application.html.erb:8
Started GET "/" for ::1 at 2020-04-19 20:19:04 +0900
Processing by WelcomeController#index as HTML
  Rendering welcome/index.html.erb within layouts/application
  Rendered welcome/index.html.erb within layouts/application (Duration: 1.2ms | Allocations: 90)
Completed 500 Internal Server Error in 383ms (ActiveRecord: 0.0ms | Allocations: 3676)


  
ActionView::Template::Error (Error: File to import not found or unreadable: bootstrap.
        on line 1:1 of app/assets/stylesheets/application.scss
>> @import "bootstrap";

   ^
):
     5:     <%= csrf_meta_tags %>
     6:     <%= csp_meta_tag %>
     7: 
     8:     <%= stylesheet_link_tag 'application', media: 'all', 'data-turbolinks-track': 'reload' %>
     9:     <%= javascript_pack_tag 'application', 'data-turbolinks-track': 'reload' %>
    10:     <%= javascript_pack_tag 'raty', 'data-turbolinks-track': 'reload' %>
    11:   </head>
  
app/assets/stylesheets/application.scss:1
app/views/layouts/application.html.erb:8
Started GET "/" for ::1 at 2020-04-19 20:20:19 +0900
Processing by WelcomeController#index as HTML
  Rendering welcome/index.html.erb within layouts/application
  Rendered welcome/index.html.erb within layouts/application (Duration: 1.2ms | Allocations: 90)
Completed 500 Internal Server Error in 67ms (ActiveRecord: 0.0ms | Allocations: 3631)


  
ActionView::Template::Error (Error: File to import not found or unreadable: bootstrap.
        on line 1:1 of app/assets/stylesheets/application.scss
>> @import "bootstrap";

   ^
):
     5:     <%= csrf_meta_tags %>
     6:     <%= csp_meta_tag %>
     7: 
     8:     <%= stylesheet_link_tag 'application', media: 'all', 'data-turbolinks-track': 'reload' %>
     9:     <%= javascript_pack_tag 'application', 'data-turbolinks-track': 'reload' %>
    10:     <%= javascript_pack_tag 'raty', 'data-turbolinks-track': 'reload' %>
    11:   </head>
  
app/assets/stylesheets/application.scss:1
app/views/layouts/application.html.erb:8
Started GET "/" for ::1 at 2020-04-19 20:21:23 +0900
Processing by WelcomeController#index as HTML
  Rendering welcome/index.html.erb within layouts/application
  Rendered welcome/index.html.erb within layouts/application (Duration: 0.8ms | Allocations: 90)
Completed 500 Internal Server Error in 88ms (ActiveRecord: 0.0ms | Allocations: 3633)


  
ActionView::Template::Error (Error: File to import not found or unreadable: bootstrap.
        on line 1:1 of app/assets/stylesheets/application.scss
>> @import "bootstrap";

   ^
):
     5:     <%= csrf_meta_tags %>
     6:     <%= csp_meta_tag %>
     7: 
     8:     <%= stylesheet_link_tag 'application', media: 'all', 'data-turbolinks-track': 'reload' %>
     9:     <%= javascript_pack_tag 'application', 'data-turbolinks-track': 'reload' %>
    10:     <%= javascript_pack_tag 'raty', 'data-turbolinks-track': 'reload' %>
    11:   </head>
  
app/assets/stylesheets/application.scss:1
app/views/layouts/application.html.erb:8
Started GET "/" for ::1 at 2020-04-19 20:25:59 +0900
  [1m[35m (16.3ms)[0m  [1m[34mSELECT sqlite_version(*)[0m
  [1m[35m (0.9ms)[0m  [1m[34mSELECT "schema_migrations"."version" FROM "schema_migrations" ORDER BY "schema_migrations"."version" ASC[0m
Processing by WelcomeController#index as HTML
  Rendering welcome/index.html.erb within layouts/application
  Rendered welcome/index.html.erb within layouts/application (Duration: 109.3ms | Allocations: 837)
Completed 500 Internal Server Error in 15891ms (ActiveRecord: 0.0ms | Allocations: 84133)


Started GET "/" for ::1 at 2020-04-19 20:26:28 +0900
Processing by WelcomeController#index as HTML
  Rendering welcome/index.html.erb within layouts/application
  Rendered welcome/index.html.erb within layouts/application (Duration: 1.2ms | Allocations: 100)
Completed 500 Internal Server Error in 1219ms (ActiveRecord: 0.0ms | Allocations: 17337)


Started GET "/" for ::1 at 2020-04-25 13:42:54 +0900
  [1m[35m (16.6ms)[0m  [1m[34mSELECT sqlite_version(*)[0m
  [1m[35m (1.6ms)[0m  [1m[34mSELECT "schema_migrations"."version" FROM "schema_migrations" ORDER BY "schema_migrations"."version" ASC[0m
Processing by WelcomeController#index as HTML
  Rendering welcome/index.html.erb within layouts/application
  Rendered welcome/index.html.erb within layouts/application (Duration: 16.7ms | Allocations: 837)
Completed 500 Internal Server Error in 1114ms (ActiveRecord: 0.0ms | Allocations: 22618)


Started GET "/" for ::1 at 2020-04-25 13:44:19 +0900
Processing by WelcomeController#index as HTML
  Rendering welcome/index.html.erb within layouts/application
  Rendered welcome/index.html.erb within layouts/application (Duration: 1.5ms | Allocations: 100)
[Webpacker] Compiling...
[Webpacker] Compiled all packs in C:/rails/memovie/public/packs
[Webpacker] Hash: 6d75c7072cacc7f295de
Version: webpack 4.42.1
Time: 50671ms
Built at: 2020-04-25 13:45:55
                                     Asset       Size       Chunks                         Chunk Names
    js/application-9a360c8f465767324986.js    842 KiB  application  [emitted] [immutable]  application
js/application-9a360c8f465767324986.js.map    898 KiB  application  [emitted] [dev]        application
           js/raty-be28ca6ca606bb7ed544.js    432 KiB         raty  [emitted] [immutable]  raty
       js/raty-be28ca6ca606bb7ed544.js.map    420 KiB         raty  [emitted] [dev]        raty
                             manifest.json  654 bytes               [emitted]              
Entrypoint application = js/application-9a360c8f465767324986.js js/application-9a360c8f465767324986.js.map
Entrypoint raty = js/raty-be28ca6ca606bb7ed544.js js/raty-be28ca6ca606bb7ed544.js.map
[./app/javascript/channels sync recursive _channel\.js$] ./app/javascript/channels sync _channel\.js$ 160 bytes {application} [built]
[./app/javascript/channels/index.js] 211 bytes {application} [built]
[./app/javascript/packs/application.js] 769 bytes {application} [built]
[./app/javascript/packs/raty.js] 19.1 KiB {raty} [built]
[./node_modules/webpack/buildin/module.js] (webpack)/buildin/module.js 552 bytes {application} [built]
    + 111 hidden modules

[Webpacker] Everything's up-to-date. Nothing to do
Completed 200 OK in 98293ms (Views: 98290.3ms | ActiveRecord: 0.0ms | Allocations: 58351)


Started GET "/articles" for ::1 at 2020-04-25 13:46:13 +0900
Processing by ArticlesController#index as HTML
  Rendering articles/index.html.erb within layouts/application
  [1m[36mArticle Load (1.4ms)[0m  [1m[34mSELECT "articles".* FROM "articles"[0m
  â†³ app/views/articles/index.html.erb:15
  Rendered articles/index.html.erb within layouts/application (Duration: 567.0ms | Allocations: 1669)
[Webpacker] Everything's up-to-date. Nothing to do
[Webpacker] Everything's up-to-date. Nothing to do
Completed 200 OK in 2143ms (Views: 2088.3ms | ActiveRecord: 4.2ms | Allocations: 22029)


Started GET "/articles/new" for ::1 at 2020-04-25 13:46:20 +0900
Processing by ArticlesController#new as HTML
  Rendering articles/new.html.erb within layouts/application
  Rendered articles/_form.html.erb (Duration: 329.9ms | Allocations: 7725)
  Rendered articles/new.html.erb within layouts/application (Duration: 361.2ms | Allocations: 8077)
[Webpacker] Everything's up-to-date. Nothing to do
[Webpacker] Everything's up-to-date. Nothing to do
Completed 200 OK in 1376ms (Views: 1114.1ms | ActiveRecord: 6.8ms | Allocations: 32415)


Started POST "/articles" for ::1 at 2020-04-25 13:46:40 +0900
Processing by ArticlesController#create as HTML
  Parameters: {"authenticity_token"=>"DSHlt/85VsY+TNl7llz3vMEbtCRcv/IenE8XH/E5w74Rj7xHUcZxEaDq8kcNibUAmigu0e8pTQL2mNZqjQ+6rw==", "article"=>{"title"=>"å›ã®è†µè‡“ã‚’é£Ÿã¹ãŸã„", "theater"=>"MOVIXäº¬éƒ½", "watched_date"=>"", "rate"=>"", "text"=>""}, "commit"=>"Create Article"}
  [1m[35m (0.3ms)[0m  [1m[36mbegin transaction[0m
  â†³ app/controllers/articles_controller.rb:21:in `create'
  [1m[36mArticle Create (12.0ms)[0m  [1m[32mINSERT INTO "articles" ("title", "text", "theater", "created_at", "updated_at") VALUES (?, ?, ?, ?, ?)[0m  [["title", "å›ã®è†µè‡“ã‚’é£Ÿã¹ãŸã„"], ["text", ""], ["theater", "MOVIXäº¬éƒ½"], ["created_at", "2020-04-25 04:46:41.279345"], ["updated_at", "2020-04-25 04:46:41.279345"]]
  â†³ app/controllers/articles_controller.rb:21:in `create'
  [1m[35m (29.4ms)[0m  [1m[36mcommit transaction[0m
  â†³ app/controllers/articles_controller.rb:21:in `create'
Redirected to http://localhost:3000/articles/1
Completed 302 Found in 3204ms (ActiveRecord: 41.6ms | Allocations: 2862)


Started GET "/articles/1" for ::1 at 2020-04-25 13:46:46 +0900
Processing by ArticlesController#show as HTML
  Parameters: {"id"=>"1"}
  [1m[36mArticle Load (1.4ms)[0m  [1m[34mSELECT "articles".* FROM "articles" WHERE "articles"."id" = ? LIMIT ?[0m  [["id", 1], ["LIMIT", 1]]
  â†³ app/controllers/articles_controller.rb:11:in `show'
  Rendering articles/show.html.erb within layouts/application
  Rendered articles/show.html.erb within layouts/application (Duration: 346.9ms | Allocations: 2249)
[Webpacker] Everything's up-to-date. Nothing to do
[Webpacker] Everything's up-to-date. Nothing to do
Completed 200 OK in 4513ms (Views: 3324.9ms | ActiveRecord: 1.4ms | Allocations: 22861)


Started GET "/articles/1/edit" for ::1 at 2020-04-25 13:46:58 +0900
Processing by ArticlesController#edit as HTML
  Parameters: {"id"=>"1"}
  [1m[36mArticle Load (1.2ms)[0m  [1m[34mSELECT "articles".* FROM "articles" WHERE "articles"."id" = ? LIMIT ?[0m  [["id", 1], ["LIMIT", 1]]
  â†³ app/controllers/articles_controller.rb:3:in `edit'
  Rendering articles/edit.html.erb within layouts/application
  Rendered articles/_form.html.erb (Duration: 73.9ms | Allocations: 3116)
  Rendered articles/edit.html.erb within layouts/application (Duration: 514.3ms | Allocations: 3319)
[Webpacker] Everything's up-to-date. Nothing to do
[Webpacker] Everything's up-to-date. Nothing to do
Completed 200 OK in 1998ms (Views: 1400.0ms | ActiveRecord: 1.2ms | Allocations: 23303)


Started PATCH "/articles/1" for ::1 at 2020-04-25 13:48:00 +0900
Processing by ArticlesController#update as HTML
  Parameters: {"authenticity_token"=>"tKPe2QPkS/dJXVQUPJq+D/8/9J6RUR7iGJvdp8h5J5woyDh3TNzozwwAdTHqVeDz7m9OZAeeIPpN43/R96mA+g==", "article"=>{"title"=>"å›ã®è†µè‡“ã‚’é£Ÿã¹ãŸã„", "theater"=>"MOVIXäº¬éƒ½", "watched_date"=>"2020-04-01T12:30", "rate"=>"5", "text"=>"è†µè‡“ã«ã¤ã„ã¦æ·±ãçŸ¥ã‚Œã‚‹æ•™é¤Šçš„ãªæ˜ ç”»ã§ã—ãŸã€‚"}, "commit"=>"Update Article", "id"=>"1"}
  [1m[36mArticle Load (1.7ms)[0m  [1m[34mSELECT "articles".* FROM "articles" WHERE "articles"."id" = ? LIMIT ?[0m  [["id", 1], ["LIMIT", 1]]
  â†³ app/controllers/articles_controller.rb:29:in `update'
  [1m[35m (0.2ms)[0m  [1m[36mbegin transaction[0m
  â†³ app/controllers/articles_controller.rb:31:in `update'
  [1m[36mArticle Update (8.0ms)[0m  [1m[33mUPDATE "articles" SET "watched_date" = ?, "text" = ?, "rate" = ?, "updated_at" = ? WHERE "articles"."id" = ?[0m  [["watched_date", "2020-04-01 12:30:00"], ["text", "è†µè‡“ã«ã¤ã„ã¦æ·±ãçŸ¥ã‚Œã‚‹æ•™é¤Šçš„ãªæ˜ ç”»ã§ã—ãŸã€‚"], ["rate", 5], ["updated_at", "2020-04-25 04:48:00.390490"], ["id", 1]]
  â†³ app/controllers/articles_controller.rb:31:in `update'
  [1m[35m (23.5ms)[0m  [1m[36mcommit transaction[0m
  â†³ app/controllers/articles_controller.rb:31:in `update'
Redirected to http://localhost:3000/articles/1
Completed 302 Found in 1255ms (ActiveRecord: 33.4ms | Allocations: 3352)


Started GET "/articles/1" for ::1 at 2020-04-25 13:48:02 +0900
Processing by ArticlesController#show as HTML
  Parameters: {"id"=>"1"}
  [1m[36mArticle Load (1.3ms)[0m  [1m[34mSELECT "articles".* FROM "articles" WHERE "articles"."id" = ? LIMIT ?[0m  [["id", 1], ["LIMIT", 1]]
  â†³ app/controllers/articles_controller.rb:11:in `show'
  Rendering articles/show.html.erb within layouts/application
  Rendered articles/show.html.erb within layouts/application (Duration: 131.2ms | Allocations: 1954)
[Webpacker] Everything's up-to-date. Nothing to do
[Webpacker] Everything's up-to-date. Nothing to do
Completed 200 OK in 1586ms (Views: 988.1ms | ActiveRecord: 1.3ms | Allocations: 21770)


Started GET "/articles" for ::1 at 2020-04-25 13:48:08 +0900
Processing by ArticlesController#index as HTML
  Rendering articles/index.html.erb within layouts/application
  [1m[36mArticle Load (1.1ms)[0m  [1m[34mSELECT "articles".* FROM "articles"[0m
  â†³ app/views/articles/index.html.erb:15
  Rendered articles/index.html.erb within layouts/application (Duration: 370.2ms | Allocations: 2616)
[Webpacker] Everything's up-to-date. Nothing to do
[Webpacker] Everything's up-to-date. Nothing to do
Completed 200 OK in 878ms (Views: 874.1ms | ActiveRecord: 1.1ms | Allocations: 21919)


Started GET "/articles" for ::1 at 2020-04-25 15:29:49 +0900
  [1m[35m (0.6ms)[0m  [1m[34mSELECT sqlite_version(*)[0m
Processing by ArticlesController#index as HTML
  Rendering articles/index.html.erb within layouts/application
  [1m[36mArticle Load (1.3ms)[0m  [1m[34mSELECT "articles".* FROM "articles"[0m
  â†³ app/views/articles/index.html.erb:15
  Rendered articles/index.html.erb within layouts/application (Duration: 410.3ms | Allocations: 2641)
[Webpacker] Everything's up-to-date. Nothing to do
[Webpacker] Everything's up-to-date. Nothing to do
Completed 200 OK in 2717ms (Views: 2712.0ms | ActiveRecord: 1.3ms | Allocations: 21965)


Started GET "/" for ::1 at 2020-04-25 15:39:51 +0900
  [1m[35m (0.2ms)[0m  [1m[34mSELECT sqlite_version(*)[0m
Processing by WelcomeController#index as HTML
  Rendering welcome/index.html.erb within layouts/application
  Rendered welcome/index.html.erb within layouts/application (Duration: 1521.2ms | Allocations: 246)
[Webpacker] Everything's up-to-date. Nothing to do
[Webpacker] Everything's up-to-date. Nothing to do
Completed 200 OK in 2164ms (Views: 2155.0ms | ActiveRecord: 0.0ms | Allocations: 20589)


Started GET "/" for ::1 at 2020-04-25 15:52:04 +0900
  [1m[35m (0.6ms)[0m  [1m[34mSELECT sqlite_version(*)[0m
Processing by WelcomeController#index as HTML
  Rendering welcome/index.html.erb within layouts/application
  Rendered welcome/index.html.erb within layouts/application (Duration: 898.8ms | Allocations: 37789)
[Webpacker] Everything's up-to-date. Nothing to do
[Webpacker] Everything's up-to-date. Nothing to do
Completed 200 OK in 1589ms (Views: 1554.0ms | ActiveRecord: 0.0ms | Allocations: 57966)


Started GET "/welcome/index" for ::1 at 2020-04-25 15:52:11 +0900
Processing by WelcomeController#index as HTML
  Rendering welcome/index.html.erb within layouts/application
  Rendered welcome/index.html.erb within layouts/application (Duration: 23.4ms | Allocations: 884)
[Webpacker] Everything's up-to-date. Nothing to do
[Webpacker] Everything's up-to-date. Nothing to do
Completed 200 OK in 578ms (Views: 575.1ms | ActiveRecord: 0.0ms | Allocations: 20184)


Started GET "/welcome/index" for ::1 at 2020-04-25 15:52:17 +0900
Processing by WelcomeController#index as HTML
  Rendering welcome/index.html.erb within layouts/application
  Rendered welcome/index.html.erb within layouts/application (Duration: 13.8ms | Allocations: 878)
[Webpacker] Everything's up-to-date. Nothing to do
[Webpacker] Everything's up-to-date. Nothing to do
Completed 200 OK in 574ms (Views: 571.6ms | ActiveRecord: 0.0ms | Allocations: 20186)


Started GET "/" for ::1 at 2020-04-25 15:52:29 +0900
Processing by WelcomeController#index as HTML
  Rendering welcome/index.html.erb within layouts/application
  Rendered welcome/index.html.erb within layouts/application (Duration: 27.8ms | Allocations: 878)
[Webpacker] Everything's up-to-date. Nothing to do
[Webpacker] Everything's up-to-date. Nothing to do
Completed 200 OK in 617ms (Views: 613.1ms | ActiveRecord: 0.0ms | Allocations: 20180)


Started GET "/welcome/index" for ::1 at 2020-04-25 15:52:33 +0900
Processing by WelcomeController#index as HTML
  Rendering welcome/index.html.erb within layouts/application
  Rendered welcome/index.html.erb within layouts/application (Duration: 15.4ms | Allocations: 878)
[Webpacker] Everything's up-to-date. Nothing to do
[Webpacker] Everything's up-to-date. Nothing to do
Completed 200 OK in 731ms (Views: 727.7ms | ActiveRecord: 0.0ms | Allocations: 20170)


Started GET "/welcome/index" for ::1 at 2020-04-25 15:53:59 +0900
Processing by WelcomeController#index as HTML
  Rendering welcome/index.html.erb within layouts/application
  Rendered welcome/index.html.erb within layouts/application (Duration: 25.8ms | Allocations: 1056)
[Webpacker] Everything's up-to-date. Nothing to do
[Webpacker] Everything's up-to-date. Nothing to do
Completed 200 OK in 909ms (Views: 895.7ms | ActiveRecord: 0.0ms | Allocations: 21292)


Started GET "/" for ::1 at 2020-04-25 15:54:09 +0900
Processing by WelcomeController#index as HTML
  Rendering welcome/index.html.erb within layouts/application
  Rendered welcome/index.html.erb within layouts/application (Duration: 49.5ms | Allocations: 891)
[Webpacker] Everything's up-to-date. Nothing to do
[Webpacker] Everything's up-to-date. Nothing to do
Completed 200 OK in 721ms (Views: 718.6ms | ActiveRecord: 0.0ms | Allocations: 20208)


Started GET "/articles" for ::1 at 2020-04-25 15:54:12 +0900
Processing by ArticlesController#index as HTML
  Rendering articles/index.html.erb within layouts/application
  [1m[36mArticle Load (1.2ms)[0m  [1m[34mSELECT "articles".* FROM "articles"[0m
  â†³ app/views/articles/index.html.erb:15
  Rendered articles/index.html.erb within layouts/application (Duration: 159.9ms | Allocations: 3041)
[Webpacker] Everything's up-to-date. Nothing to do
[Webpacker] Everything's up-to-date. Nothing to do
Completed 200 OK in 743ms (Views: 733.5ms | ActiveRecord: 1.2ms | Allocations: 22933)


Started GET "/articles" for ::1 at 2020-04-25 15:55:40 +0900
Processing by ArticlesController#index as HTML
  Rendering articles/index.html.erb within layouts/application
  [1m[36mArticle Load (2.3ms)[0m  [1m[34mSELECT "articles".* FROM "articles"[0m
  â†³ app/views/articles/index.html.erb:15
  Rendered articles/index.html.erb within layouts/application (Duration: 281.4ms | Allocations: 3008)
[Webpacker] Everything's up-to-date. Nothing to do
[Webpacker] Everything's up-to-date. Nothing to do
Completed 200 OK in 1198ms (Views: 1182.8ms | ActiveRecord: 2.3ms | Allocations: 23266)


Started GET "/" for ::1 at 2020-04-25 15:55:46 +0900
Processing by WelcomeController#index as HTML
  Rendering welcome/index.html.erb within layouts/application
  Rendered welcome/index.html.erb within layouts/application (Duration: 42.9ms | Allocations: 1009)
[Webpacker] Everything's up-to-date. Nothing to do
[Webpacker] Everything's up-to-date. Nothing to do
Completed 200 OK in 831ms (Views: 820.6ms | ActiveRecord: 0.0ms | Allocations: 20904)


Started GET "/articles" for ::1 at 2020-04-25 15:55:51 +0900
Processing by ArticlesController#index as HTML
  Rendering articles/index.html.erb within layouts/application
  [1m[36mArticle Load (0.8ms)[0m  [1m[34mSELECT "articles".* FROM "articles"[0m
  â†³ app/views/articles/index.html.erb:15
  Rendered articles/index.html.erb within layouts/application (Duration: 165.5ms | Allocations: 2623)
[Webpacker] Everything's up-to-date. Nothing to do
[Webpacker] Everything's up-to-date. Nothing to do
Completed 200 OK in 716ms (Views: 710.6ms | ActiveRecord: 0.8ms | Allocations: 21944)


Started GET "/articles" for ::1 at 2020-04-25 15:56:08 +0900
Processing by ArticlesController#index as HTML
  Rendering articles/index.html.erb within layouts/application
  [1m[36mArticle Load (1.0ms)[0m  [1m[34mSELECT "articles".* FROM "articles"[0m
  â†³ app/views/articles/index.html.erb:15
  Rendered articles/index.html.erb within layouts/application (Duration: 294.7ms | Allocations: 3012)
[Webpacker] Everything's up-to-date. Nothing to do
[Webpacker] Everything's up-to-date. Nothing to do
Completed 200 OK in 1414ms (Views: 1403.6ms | ActiveRecord: 1.0ms | Allocations: 23264)


Started GET "/" for ::1 at 2020-04-25 15:56:13 +0900
Processing by WelcomeController#index as HTML
  Rendering welcome/index.html.erb within layouts/application
  Rendered welcome/index.html.erb within layouts/application (Duration: 2057.0ms | Allocations: 172797)
Completed 500 Internal Server Error in 2214ms (ActiveRecord: 0.0ms | Allocations: 173827)


  
ActionView::Template::Error (undefined local variable or method `welcome_path' for #<#<Class:0x0000000009678cf8>:0x0000000009682c80>
Did you mean?  welcome_index_path):
     7: </head>
     8: <body>
     9:   <header>
    10:     <%= link_to (image_tag("logo.png", class:"logo")), welcome_path %>
    11:   </header>
    12:   <%= link_to 'My Blog', controller: 'articles'%>
    13: 
  
app/views/welcome/index.html.erb:10
Started GET "/" for ::1 at 2020-04-25 15:58:27 +0900
Processing by WelcomeController#index as HTML
  Rendering welcome/index.html.erb within layouts/application
  Rendered welcome/index.html.erb within layouts/application (Duration: 40.3ms | Allocations: 1065)
[Webpacker] Everything's up-to-date. Nothing to do
[Webpacker] Everything's up-to-date. Nothing to do
Completed 200 OK in 639ms (Views: 631.6ms | ActiveRecord: 0.0ms | Allocations: 21339)


Started GET "/welcome/index" for ::1 at 2020-04-25 15:58:31 +0900
Processing by WelcomeController#index as HTML
  Rendering welcome/index.html.erb within layouts/application
  Rendered welcome/index.html.erb within layouts/application (Duration: 33.8ms | Allocations: 886)
[Webpacker] Everything's up-to-date. Nothing to do
[Webpacker] Everything's up-to-date. Nothing to do
Completed 200 OK in 645ms (Views: 642.4ms | ActiveRecord: 0.0ms | Allocations: 20182)


Started GET "/welcome/index" for ::1 at 2020-04-25 15:58:36 +0900
Processing by WelcomeController#index as HTML
  Rendering welcome/index.html.erb within layouts/application
  Rendered welcome/index.html.erb within layouts/application (Duration: 18.1ms | Allocations: 879)
[Webpacker] Everything's up-to-date. Nothing to do
[Webpacker] Everything's up-to-date. Nothing to do
Completed 200 OK in 532ms (Views: 529.0ms | ActiveRecord: 0.0ms | Allocations: 20193)


Started GET "/" for ::1 at 2020-04-25 15:58:41 +0900
Processing by WelcomeController#index as HTML
  Rendering welcome/index.html.erb within layouts/application
  Rendered welcome/index.html.erb within layouts/application (Duration: 15.9ms | Allocations: 879)
[Webpacker] Everything's up-to-date. Nothing to do
[Webpacker] Everything's up-to-date. Nothing to do
Completed 200 OK in 600ms (Views: 594.7ms | ActiveRecord: 0.0ms | Allocations: 20179)


Started GET "/welcome/index" for ::1 at 2020-04-25 15:58:45 +0900
Processing by WelcomeController#index as HTML
  Rendering welcome/index.html.erb within layouts/application
  Rendered welcome/index.html.erb within layouts/application (Duration: 14.9ms | Allocations: 879)
[Webpacker] Everything's up-to-date. Nothing to do
[Webpacker] Everything's up-to-date. Nothing to do
Completed 200 OK in 588ms (Views: 584.5ms | ActiveRecord: 0.0ms | Allocations: 20188)


Started GET "/welcome/index" for ::1 at 2020-04-25 15:59:50 +0900
Processing by WelcomeController#index as HTML
  Rendering welcome/index.html.erb within layouts/application
  Rendered welcome/index.html.erb within layouts/application (Duration: 35.0ms | Allocations: 1049)
[Webpacker] Everything's up-to-date. Nothing to do
[Webpacker] Everything's up-to-date. Nothing to do
Completed 200 OK in 559ms (Views: 551.0ms | ActiveRecord: 0.0ms | Allocations: 21302)


Started GET "/welcome/index" for ::1 at 2020-04-25 16:00:07 +0900
Processing by WelcomeController#index as HTML
  Rendering welcome/index.html.erb within layouts/application
  Rendered welcome/index.html.erb within layouts/application (Duration: 71.7ms | Allocations: 1045)
[Webpacker] Everything's up-to-date. Nothing to do
[Webpacker] Everything's up-to-date. Nothing to do
Completed 200 OK in 880ms (Views: 863.0ms | ActiveRecord: 0.0ms | Allocations: 21300)


Started GET "/welcome/index" for ::1 at 2020-04-25 16:01:17 +0900
Processing by WelcomeController#index as HTML
  Rendering welcome/index.html.erb within layouts/application
  Rendered welcome/index.html.erb within layouts/application (Duration: 51.0ms | Allocations: 1046)
[Webpacker] Everything's up-to-date. Nothing to do
[Webpacker] Everything's up-to-date. Nothing to do
Completed 200 OK in 1126ms (Views: 1114.3ms | ActiveRecord: 0.0ms | Allocations: 21290)


Started GET "/welcome/index" for ::1 at 2020-04-25 16:01:21 +0900
Processing by WelcomeController#index as HTML
  Rendering welcome/index.html.erb within layouts/application
  Rendered welcome/index.html.erb within layouts/application (Duration: 19.6ms | Allocations: 887)
[Webpacker] Everything's up-to-date. Nothing to do
[Webpacker] Everything's up-to-date. Nothing to do
Completed 200 OK in 555ms (Views: 551.0ms | ActiveRecord: 0.0ms | Allocations: 20200)


Started GET "/welcome/index" for ::1 at 2020-04-25 16:01:24 +0900
Processing by WelcomeController#index as HTML
  Rendering welcome/index.html.erb within layouts/application
  Rendered welcome/index.html.erb within layouts/application (Duration: 18.2ms | Allocations: 880)
[Webpacker] Everything's up-to-date. Nothing to do
[Webpacker] Everything's up-to-date. Nothing to do
Completed 200 OK in 604ms (Views: 601.8ms | ActiveRecord: 0.0ms | Allocations: 20179)


Started GET "/welcome/index" for ::1 at 2020-04-25 16:01:31 +0900
Processing by WelcomeController#index as HTML
  Rendering welcome/index.html.erb within layouts/application
  Rendered welcome/index.html.erb within layouts/application (Duration: 16.7ms | Allocations: 880)
[Webpacker] Everything's up-to-date. Nothing to do
[Webpacker] Everything's up-to-date. Nothing to do
Completed 200 OK in 553ms (Views: 550.2ms | ActiveRecord: 0.0ms | Allocations: 20185)


Started GET "/welcome/index" for ::1 at 2020-04-25 16:01:43 +0900
Processing by WelcomeController#index as HTML
  Rendering welcome/index.html.erb within layouts/application
  Rendered welcome/index.html.erb within layouts/application (Duration: 17.1ms | Allocations: 880)
[Webpacker] Everything's up-to-date. Nothing to do
[Webpacker] Everything's up-to-date. Nothing to do
Completed 200 OK in 622ms (Views: 620.1ms | ActiveRecord: 0.0ms | Allocations: 20180)


Started GET "/welcome/index" for ::1 at 2020-04-25 16:02:59 +0900
Processing by WelcomeController#index as HTML
  Rendering welcome/index.html.erb within layouts/application
  Rendered welcome/index.html.erb within layouts/application (Duration: 36.0ms | Allocations: 1050)
[Webpacker] Everything's up-to-date. Nothing to do
[Webpacker] Everything's up-to-date. Nothing to do
Completed 200 OK in 713ms (Views: 704.9ms | ActiveRecord: 0.0ms | Allocations: 21299)


Started GET "/welcome/index" for ::1 at 2020-04-25 16:03:04 +0900
Processing by WelcomeController#index as HTML
  Rendering welcome/index.html.erb within layouts/application
  Rendered welcome/index.html.erb within layouts/application (Duration: 16.2ms | Allocations: 889)
[Webpacker] Everything's up-to-date. Nothing to do
[Webpacker] Everything's up-to-date. Nothing to do
Completed 200 OK in 609ms (Views: 607.4ms | ActiveRecord: 0.0ms | Allocations: 20182)


Started GET "/" for ::1 at 2020-04-25 16:08:11 +0900
Processing by WelcomeController#index as HTML
  Rendering welcome/index.html.erb within layouts/application
  Rendered welcome/index.html.erb within layouts/application (Duration: 38.4ms | Allocations: 1087)
[Webpacker] Everything's up-to-date. Nothing to do
[Webpacker] Everything's up-to-date. Nothing to do
Completed 200 OK in 816ms (Views: 803.4ms | ActiveRecord: 0.0ms | Allocations: 21336)


Started GET "/welcome/index?data%5Bturbolinks%5D=false" for ::1 at 2020-04-25 16:08:17 +0900
Processing by WelcomeController#index as HTML
  Parameters: {"data"=>{"turbolinks"=>"false"}}
  Rendering welcome/index.html.erb within layouts/application
  Rendered welcome/index.html.erb within layouts/application (Duration: 17.4ms | Allocations: 917)
[Webpacker] Everything's up-to-date. Nothing to do
[Webpacker] Everything's up-to-date. Nothing to do
Completed 200 OK in 836ms (Views: 833.7ms | ActiveRecord: 0.0ms | Allocations: 20222)


Started GET "/welcome/index?data%5Bturbolinks%5D=false" for ::1 at 2020-04-25 16:08:28 +0900
Processing by WelcomeController#index as HTML
  Parameters: {"data"=>{"turbolinks"=>"false"}}
  Rendering welcome/index.html.erb within layouts/application
  Rendered welcome/index.html.erb within layouts/application (Duration: 23.0ms | Allocations: 910)
[Webpacker] Everything's up-to-date. Nothing to do
[Webpacker] Everything's up-to-date. Nothing to do
Completed 200 OK in 1404ms (Views: 1400.0ms | ActiveRecord: 0.0ms | Allocations: 20210)


Started GET "/welcome/index?data%5Bturbolinks%5D=false" for ::1 at 2020-04-25 16:08:32 +0900
Processing by WelcomeController#index as HTML
  Parameters: {"data"=>{"turbolinks"=>"false"}}
  Rendering welcome/index.html.erb within layouts/application
  Rendered welcome/index.html.erb within layouts/application (Duration: 33.3ms | Allocations: 910)
[Webpacker] Everything's up-to-date. Nothing to do
[Webpacker] Everything's up-to-date. Nothing to do
Completed 200 OK in 772ms (Views: 768.2ms | ActiveRecord: 0.0ms | Allocations: 20217)


Started GET "/welcome/index?data%5Bturbolinks%5D=false" for ::1 at 2020-04-25 16:09:42 +0900
Processing by WelcomeController#index as HTML
  Parameters: {"data"=>{"turbolinks"=>"false"}}
  Rendering welcome/index.html.erb within layouts/application
  Rendered welcome/index.html.erb within layouts/application (Duration: 25.2ms | Allocations: 1087)
[Webpacker] Everything's up-to-date. Nothing to do
[Webpacker] Everything's up-to-date. Nothing to do
Completed 200 OK in 1153ms (Views: 1143.7ms | ActiveRecord: 0.0ms | Allocations: 21331)


Started GET "/welcome/index?data%5Bno_turbolink%5D=true" for ::1 at 2020-04-25 16:09:46 +0900
Processing by WelcomeController#index as HTML
  Parameters: {"data"=>{"no_turbolink"=>"true"}}
  Rendering welcome/index.html.erb within layouts/application
  Rendered welcome/index.html.erb within layouts/application (Duration: 21.6ms | Allocations: 920)
[Webpacker] Everything's up-to-date. Nothing to do
[Webpacker] Everything's up-to-date. Nothing to do
Completed 200 OK in 1052ms (Views: 1047.7ms | ActiveRecord: 0.0ms | Allocations: 20235)


Started GET "/welcome/index?data%5Bno_turbolink%5D=true" for ::1 at 2020-04-25 16:09:51 +0900
Processing by WelcomeController#index as HTML
  Parameters: {"data"=>{"no_turbolink"=>"true"}}
  Rendering welcome/index.html.erb within layouts/application
  Rendered welcome/index.html.erb within layouts/application (Duration: 26.2ms | Allocations: 912)
[Webpacker] Everything's up-to-date. Nothing to do
[Webpacker] Everything's up-to-date. Nothing to do
Completed 200 OK in 1167ms (Views: 1164.5ms | ActiveRecord: 0.0ms | Allocations: 20217)


Started GET "/welcome/index?data%5Bno_turbolink%5D=true" for ::1 at 2020-04-25 16:09:55 +0900
Processing by WelcomeController#index as HTML
  Parameters: {"data"=>{"no_turbolink"=>"true"}}
  Rendering welcome/index.html.erb within layouts/application
  Rendered welcome/index.html.erb within layouts/application (Duration: 14.8ms | Allocations: 912)
[Webpacker] Everything's up-to-date. Nothing to do
[Webpacker] Everything's up-to-date. Nothing to do
Completed 200 OK in 1031ms (Views: 1018.6ms | ActiveRecord: 0.0ms | Allocations: 20219)


Started GET "/welcome/index?data%5Bno_turbolink%5D=true" for ::1 at 2020-04-25 16:11:49 +0900
Processing by WelcomeController#index as HTML
  Parameters: {"data"=>{"no_turbolink"=>"true"}}
  Rendering welcome/index.html.erb within layouts/application
  Rendered welcome/index.html.erb within layouts/application (Duration: 37.5ms | Allocations: 912)
[Webpacker] Everything's up-to-date. Nothing to do
[Webpacker] Everything's up-to-date. Nothing to do
Completed 200 OK in 864ms (Views: 859.9ms | ActiveRecord: 0.0ms | Allocations: 20216)


Started GET "/welcome/index?data%5Bno_turbolink%5D=true" for ::1 at 2020-04-25 16:12:12 +0900
Processing by WelcomeController#index as HTML
  Parameters: {"data"=>{"no_turbolink"=>"true"}}
  Rendering welcome/index.html.erb within layouts/application
  Rendered welcome/index.html.erb within layouts/application (Duration: 25.8ms | Allocations: 1086)
[Webpacker] Everything's up-to-date. Nothing to do
[Webpacker] Everything's up-to-date. Nothing to do
Completed 200 OK in 1501ms (Views: 1481.1ms | ActiveRecord: 0.0ms | Allocations: 21328)


Started GET "/" for ::1 at 2020-04-25 16:12:24 +0900
Processing by WelcomeController#index as HTML
  Rendering welcome/index.html.erb within layouts/application
  Rendered welcome/index.html.erb within layouts/application (Duration: 16.2ms | Allocations: 920)
[Webpacker] Everything's up-to-date. Nothing to do
[Webpacker] Everything's up-to-date. Nothing to do
Completed 200 OK in 638ms (Views: 635.5ms | ActiveRecord: 0.0ms | Allocations: 20223)


Started GET "/" for ::1 at 2020-04-25 16:12:41 +0900
Processing by WelcomeController#index as HTML
  Rendering welcome/index.html.erb within layouts/application
  Rendered welcome/index.html.erb within layouts/application (Duration: 43.6ms | Allocations: 1086)
[Webpacker] Everything's up-to-date. Nothing to do
[Webpacker] Everything's up-to-date. Nothing to do
Completed 200 OK in 1021ms (Views: 1006.7ms | ActiveRecord: 0.0ms | Allocations: 21335)


Started GET "/" for ::1 at 2020-04-25 16:13:00 +0900
Processing by WelcomeController#index as HTML
  Rendering welcome/index.html.erb within layouts/application
  Rendered welcome/index.html.erb within layouts/application (Duration: 27.3ms | Allocations: 1080)
[Webpacker] Everything's up-to-date. Nothing to do
[Webpacker] Everything's up-to-date. Nothing to do
Completed 200 OK in 512ms (Views: 499.6ms | ActiveRecord: 0.0ms | Allocations: 21330)


Started GET "/" for ::1 at 2020-04-25 16:14:44 +0900
Processing by WelcomeController#index as HTML
  Rendering welcome/index.html.erb within layouts/application
  Rendered welcome/index.html.erb within layouts/application (Duration: 36.2ms | Allocations: 1042)
[Webpacker] Everything's up-to-date. Nothing to do
[Webpacker] Everything's up-to-date. Nothing to do
Completed 200 OK in 1127ms (Views: 1117.3ms | ActiveRecord: 0.0ms | Allocations: 21283)


Started GET "/articles" for ::1 at 2020-04-25 16:18:58 +0900
Processing by ArticlesController#index as HTML
  Rendering articles/index.html.erb within layouts/application
  [1m[36mArticle Load (3.2ms)[0m  [1m[34mSELECT "articles".* FROM "articles"[0m
  â†³ app/views/articles/index.html.erb:15
  Rendered articles/index.html.erb within layouts/application (Duration: 271.5ms | Allocations: 3024)
[Webpacker] Everything's up-to-date. Nothing to do
[Webpacker] Everything's up-to-date. Nothing to do
Completed 200 OK in 1498ms (Views: 1483.6ms | ActiveRecord: 3.2ms | Allocations: 22929)


Started GET "/articles/1/edit" for ::1 at 2020-04-25 16:21:57 +0900
Processing by ArticlesController#edit as HTML
  Parameters: {"id"=>"1"}
  [1m[36mArticle Load (1.6ms)[0m  [1m[34mSELECT "articles".* FROM "articles" WHERE "articles"."id" = ? LIMIT ?[0m  [["id", 1], ["LIMIT", 1]]
  â†³ app/controllers/articles_controller.rb:3:in `edit'
  Rendering articles/edit.html.erb within layouts/application
  Rendered articles/_form.html.erb (Duration: 87.4ms | Allocations: 3647)
  Rendered articles/edit.html.erb within layouts/application (Duration: 182.4ms | Allocations: 3998)
[Webpacker] Everything's up-to-date. Nothing to do
[Webpacker] Everything's up-to-date. Nothing to do
Completed 200 OK in 1275ms (Views: 933.8ms | ActiveRecord: 1.6ms | Allocations: 24802)


Started PATCH "/articles/1" for ::1 at 2020-04-25 16:22:07 +0900
Processing by ArticlesController#update as HTML
  Parameters: {"authenticity_token"=>"Qk+DDjCWbHUElo9U0M2TaVYf5ExrIpZj4KmcbBmyjCPeJGWgf67PTUHLrnEGAs2VR09etv3tqHu10T4aJmIrRQ==", "article"=>{"title"=>"å›ã®è†µè‡“ã‚’é£Ÿã¹ãŸã„", "theater"=>"MOVIXäº¬éƒ½", "watched_date"=>"2020-04-01T12:30:00", "rate"=>"4", "text"=>"è†µè‡“ã«ã¤ã„ã¦æ·±ãçŸ¥ã‚Œã‚‹æ•™é¤Šçš„ãªæ˜ ç”»ã§ã—ãŸã€‚"}, "commit"=>"Update Article", "id"=>"1"}
  [1m[36mArticle Load (1.0ms)[0m  [1m[34mSELECT "articles".* FROM "articles" WHERE "articles"."id" = ? LIMIT ?[0m  [["id", 1], ["LIMIT", 1]]
  â†³ app/controllers/articles_controller.rb:29:in `update'
  [1m[35m (0.2ms)[0m  [1m[36mbegin transaction[0m
  â†³ app/controllers/articles_controller.rb:31:in `update'
  [1m[36mArticle Update (9.1ms)[0m  [1m[33mUPDATE "articles" SET "rate" = ?, "updated_at" = ? WHERE "articles"."id" = ?[0m  [["rate", 4], ["updated_at", "2020-04-25 07:22:08.258325"], ["id", 1]]
  â†³ app/controllers/articles_controller.rb:31:in `update'
  [1m[35m (17.7ms)[0m  [1m[36mcommit transaction[0m
  â†³ app/controllers/articles_controller.rb:31:in `update'
Redirected to http://localhost:3000/articles/1
Completed 302 Found in 1566ms (ActiveRecord: 27.9ms | Allocations: 3291)


Started GET "/articles/1" for ::1 at 2020-04-25 16:22:09 +0900
Processing by ArticlesController#show as HTML
  Parameters: {"id"=>"1"}
  [1m[36mArticle Load (0.8ms)[0m  [1m[34mSELECT "articles".* FROM "articles" WHERE "articles"."id" = ? LIMIT ?[0m  [["id", 1], ["LIMIT", 1]]
  â†³ app/controllers/articles_controller.rb:11:in `show'
  Rendering articles/show.html.erb within layouts/application
  Rendered articles/show.html.erb within layouts/application (Duration: 80.2ms | Allocations: 2278)
[Webpacker] Everything's up-to-date. Nothing to do
[Webpacker] Everything's up-to-date. Nothing to do
Completed 200 OK in 1966ms (Views: 1069.6ms | ActiveRecord: 0.8ms | Allocations: 22253)


Started GET "/articles" for ::1 at 2020-04-25 16:23:31 +0900
Processing by ArticlesController#index as HTML
  Rendering articles/index.html.erb within layouts/application
  [1m[36mArticle Load (0.7ms)[0m  [1m[34mSELECT "articles".* FROM "articles"[0m
  â†³ app/views/articles/index.html.erb:15
  Rendered articles/index.html.erb within layouts/application (Duration: 367.5ms | Allocations: 3013)
[Webpacker] Everything's up-to-date. Nothing to do
[Webpacker] Everything's up-to-date. Nothing to do
Completed 200 OK in 1175ms (Views: 1164.4ms | ActiveRecord: 0.7ms | Allocations: 23270)


Started GET "/articles" for ::1 at 2020-04-25 16:24:00 +0900
Processing by ArticlesController#index as HTML
  Rendering articles/index.html.erb within layouts/application
  [1m[36mArticle Load (1.0ms)[0m  [1m[34mSELECT "articles".* FROM "articles"[0m
  â†³ app/views/articles/index.html.erb:15
  Rendered articles/index.html.erb within layouts/application (Duration: 542.8ms | Allocations: 2993)
[Webpacker] Everything's up-to-date. Nothing to do
[Webpacker] Everything's up-to-date. Nothing to do
Completed 200 OK in 1956ms (Views: 1946.2ms | ActiveRecord: 1.0ms | Allocations: 23247)


Started GET "/" for ::1 at 2020-04-25 16:27:41 +0900
Processing by WelcomeController#index as HTML
  Rendering welcome/index.html.erb within layouts/application
  Rendered welcome/index.html.erb within layouts/application (Duration: 41.9ms | Allocations: 1051)
[Webpacker] Everything's up-to-date. Nothing to do
[Webpacker] Everything's up-to-date. Nothing to do
Completed 200 OK in 654ms (Views: 645.5ms | ActiveRecord: 0.0ms | Allocations: 21297)


Started GET "/welcome/index" for ::1 at 2020-04-25 16:27:46 +0900
Processing by WelcomeController#index as HTML
  Rendering welcome/index.html.erb within layouts/application
  Rendered welcome/index.html.erb within layouts/application (Duration: 17.7ms | Allocations: 886)
[Webpacker] Everything's up-to-date. Nothing to do
[Webpacker] Everything's up-to-date. Nothing to do
Completed 200 OK in 573ms (Views: 570.8ms | ActiveRecord: 0.0ms | Allocations: 20203)


Started GET "/welcome/index" for ::1 at 2020-04-25 16:28:49 +0900
Processing by WelcomeController#index as HTML
  Rendering welcome/index.html.erb within layouts/application
  Rendered welcome/index.html.erb within layouts/application (Duration: 30.1ms | Allocations: 1050)
[Webpacker] Everything's up-to-date. Nothing to do
[Webpacker] Everything's up-to-date. Nothing to do
Completed 200 OK in 1404ms (Views: 1395.3ms | ActiveRecord: 0.0ms | Allocations: 21290)


Started GET "/" for ::1 at 2020-04-25 16:28:57 +0900
Processing by WelcomeController#index as HTML
  Rendering welcome/index.html.erb within layouts/application
  Rendered welcome/index.html.erb within layouts/application (Duration: 20.0ms | Allocations: 886)
[Webpacker] Everything's up-to-date. Nothing to do
[Webpacker] Everything's up-to-date. Nothing to do
Completed 200 OK in 682ms (Views: 678.7ms | ActiveRecord: 0.0ms | Allocations: 20188)


Started GET "/welcome/index" for ::1 at 2020-04-25 16:29:01 +0900
Processing by WelcomeController#index as HTML
  Rendering welcome/index.html.erb within layouts/application
  Rendered welcome/index.html.erb within layouts/application (Duration: 16.6ms | Allocations: 879)
[Webpacker] Everything's up-to-date. Nothing to do
[Webpacker] Everything's up-to-date. Nothing to do
Completed 200 OK in 529ms (Views: 526.6ms | ActiveRecord: 0.0ms | Allocations: 20187)


Started GET "/welcome/index" for ::1 at 2020-04-25 16:29:40 +0900
Processing by WelcomeController#index as HTML
  Rendering welcome/index.html.erb within layouts/application
  Rendered welcome/index.html.erb within layouts/application (Duration: 34.6ms | Allocations: 1050)
[Webpacker] Everything's up-to-date. Nothing to do
[Webpacker] Everything's up-to-date. Nothing to do
Completed 200 OK in 657ms (Views: 647.4ms | ActiveRecord: 0.0ms | Allocations: 21298)


Started GET "/welcome/index" for ::1 at 2020-04-25 16:29:45 +0900
Processing by WelcomeController#index as HTML
  Rendering welcome/index.html.erb within layouts/application
  Rendered welcome/index.html.erb within layouts/application (Duration: 22.0ms | Allocations: 887)
[Webpacker] Everything's up-to-date. Nothing to do
[Webpacker] Everything's up-to-date. Nothing to do
Completed 200 OK in 750ms (Views: 747.2ms | ActiveRecord: 0.0ms | Allocations: 20186)


Started GET "/welcome/index" for ::1 at 2020-04-25 16:30:15 +0900
Processing by WelcomeController#index as HTML
  Rendering welcome/index.html.erb within layouts/application
  Rendered welcome/index.html.erb within layouts/application (Duration: 34.6ms | Allocations: 1050)
[Webpacker] Everything's up-to-date. Nothing to do
[Webpacker] Everything's up-to-date. Nothing to do
Completed 200 OK in 668ms (Views: 658.6ms | ActiveRecord: 0.0ms | Allocations: 21289)


Started GET "/welcome/index" for ::1 at 2020-04-25 16:30:53 +0900
Processing by WelcomeController#index as HTML
  Rendering welcome/index.html.erb within layouts/application
  Rendered welcome/index.html.erb within layouts/application (Duration: 25.7ms | Allocations: 1086)
[Webpacker] Everything's up-to-date. Nothing to do
[Webpacker] Everything's up-to-date. Nothing to do
Completed 200 OK in 880ms (Views: 868.1ms | ActiveRecord: 0.0ms | Allocations: 21349)


Started GET "/welcome/index?data%5Bno_turbolink%5D=true" for ::1 at 2020-04-25 16:30:58 +0900
Processing by WelcomeController#index as HTML
  Parameters: {"data"=>{"no_turbolink"=>"true"}}
  Rendering welcome/index.html.erb within layouts/application
  Rendered welcome/index.html.erb within layouts/application (Duration: 18.0ms | Allocations: 919)
[Webpacker] Everything's up-to-date. Nothing to do
[Webpacker] Everything's up-to-date. Nothing to do
Completed 200 OK in 650ms (Views: 647.1ms | ActiveRecord: 0.0ms | Allocations: 20225)


Started GET "/welcome/index?data%5Bno_turbolink%5D=true" for ::1 at 2020-04-25 16:57:30 +0900
  [1m[35m (1.5ms)[0m  [1m[34mSELECT sqlite_version(*)[0m
Processing by WelcomeController#index as HTML
  Parameters: {"data"=>{"no_turbolink"=>"true"}}
  Rendering welcome/index.html.erb within layouts/application
  Rendered welcome/index.html.erb within layouts/application (Duration: 39.2ms | Allocations: 1062)
[Webpacker] Everything's up-to-date. Nothing to do
[Webpacker] Everything's up-to-date. Nothing to do
Completed 200 OK in 889ms (Views: 873.3ms | ActiveRecord: 0.0ms | Allocations: 21292)


Started GET "/welcome/index?data%5Bno_turbolink%5D=true" for ::1 at 2020-04-25 16:59:13 +0900
Processing by WelcomeController#index as HTML
  Parameters: {"data"=>{"no_turbolink"=>"true"}}
  Rendering welcome/index.html.erb within layouts/application
  Rendered welcome/index.html.erb within layouts/application (Duration: 7.5ms | Allocations: 1035)
Completed 500 Internal Server Error in 414ms (ActiveRecord: 0.0ms | Allocations: 2221)


  
ActionView::Template::Error (wrong number of arguments (given 3, expected 1..2)):
     9:   <header>
    10:     <nav class="navbar navbar-inverse navbar-fixed-top">
    11:       <div class="navbar-header">
    12:         <a class="navbar-brand" href="#"><%= link_to (image_tag("logo.png", size="60*60", class:"logo")), controller: 'welcome' %></a>
    13:         <button type="button" class="navbar-toggle" data-toggle="collapse" data-target="#nav-content2">
    14:           <span class="icon-bar"></span>
    15:           <span class="icon-bar"></span>
  
app/views/welcome/index.html.erb:12
Started GET "/welcome/index" for ::1 at 2020-04-25 17:03:45 +0900
Processing by WelcomeController#index as HTML
  Rendering welcome/index.html.erb within layouts/application
  Rendered welcome/index.html.erb within layouts/application (Duration: 8.6ms | Allocations: 247)
[Webpacker] Everything's up-to-date. Nothing to do
[Webpacker] Everything's up-to-date. Nothing to do
Completed 200 OK in 1053ms (Views: 1036.6ms | ActiveRecord: 0.0ms | Allocations: 20588)


Started GET "/welcome/index" for ::1 at 2020-04-25 17:03:51 +0900
Processing by WelcomeController#index as HTML
  Rendering welcome/index.html.erb within layouts/application
  Rendered welcome/index.html.erb within layouts/application (Duration: 0.9ms | Allocations: 97)
[Webpacker] Everything's up-to-date. Nothing to do
[Webpacker] Everything's up-to-date. Nothing to do
Completed 200 OK in 733ms (Views: 729.2ms | ActiveRecord: 0.0ms | Allocations: 19514)


Started GET "/welcome/index" for ::1 at 2020-04-25 17:05:20 +0900
Processing by WelcomeController#index as HTML
  Rendering welcome/index.html.erb within layouts/application
  Rendered welcome/index.html.erb within layouts/application (Duration: 36.2ms | Allocations: 1060)
[Webpacker] Everything's up-to-date. Nothing to do
[Webpacker] Everything's up-to-date. Nothing to do
Completed 200 OK in 880ms (Views: 870.5ms | ActiveRecord: 0.0ms | Allocations: 21314)


Started GET "/welcome/index" for ::1 at 2020-04-25 17:08:18 +0900
Processing by WelcomeController#index as HTML
  Rendering welcome/index.html.erb within layouts/application
  Rendered welcome/index.html.erb within layouts/application (Duration: 70.3ms | Allocations: 1055)
[Webpacker] Everything's up-to-date. Nothing to do
[Webpacker] Everything's up-to-date. Nothing to do
Completed 200 OK in 1279ms (Views: 1254.4ms | ActiveRecord: 0.0ms | Allocations: 21293)


Started GET "/" for ::1 at 2020-04-25 17:08:27 +0900
Processing by WelcomeController#index as HTML
  Rendering welcome/index.html.erb within layouts/application
  Rendered welcome/index.html.erb within layouts/application (Duration: 43.3ms | Allocations: 886)
[Webpacker] Everything's up-to-date. Nothing to do
[Webpacker] Everything's up-to-date. Nothing to do
Completed 200 OK in 526ms (Views: 521.7ms | ActiveRecord: 0.0ms | Allocations: 20184)


Started GET "/" for ::1 at 2020-04-25 17:10:58 +0900
Processing by WelcomeController#index as HTML
  Rendering welcome/index.html.erb within layouts/application
  Rendered welcome/index.html.erb within layouts/application (Duration: 47.2ms | Allocations: 1067)
[Webpacker] Everything's up-to-date. Nothing to do
[Webpacker] Everything's up-to-date. Nothing to do
Completed 200 OK in 582ms (Views: 573.1ms | ActiveRecord: 0.0ms | Allocations: 21325)


Started GET "/" for ::1 at 2020-04-25 17:13:09 +0900
Processing by WelcomeController#index as HTML
  Rendering welcome/index.html.erb within layouts/application
  Rendered welcome/index.html.erb within layouts/application (Duration: 25.8ms | Allocations: 1081)
[Webpacker] Everything's up-to-date. Nothing to do
[Webpacker] Everything's up-to-date. Nothing to do
Completed 200 OK in 933ms (Views: 915.7ms | ActiveRecord: 0.0ms | Allocations: 21334)


Started GET "/" for ::1 at 2020-04-25 17:13:24 +0900
Processing by WelcomeController#index as HTML
  Rendering welcome/index.html.erb within layouts/application
  Rendered welcome/index.html.erb within layouts/application (Duration: 56.4ms | Allocations: 1066)
[Webpacker] Everything's up-to-date. Nothing to do
[Webpacker] Everything's up-to-date. Nothing to do
Completed 200 OK in 877ms (Views: 864.7ms | ActiveRecord: 0.0ms | Allocations: 21315)


Started GET "/" for ::1 at 2020-04-25 17:19:25 +0900
  [1m[35m (0.3ms)[0m  [1m[34mSELECT sqlite_version(*)[0m
Processing by WelcomeController#index as HTML
  Rendering welcome/index.html.erb within layouts/application
  Rendered welcome/index.html.erb within layouts/application (Duration: 25.2ms | Allocations: 1067)
[Webpacker] Everything's up-to-date. Nothing to do
[Webpacker] Everything's up-to-date. Nothing to do
Completed 200 OK in 657ms (Views: 631.4ms | ActiveRecord: 0.0ms | Allocations: 21306)


Started GET "/" for ::1 at 2020-04-25 17:23:18 +0900
Processing by WelcomeController#index as HTML
  Rendering welcome/index.html.erb within layouts/application
  Rendered welcome/index.html.erb within layouts/application (Duration: 34.8ms | Allocations: 1073)
[Webpacker] Everything's up-to-date. Nothing to do
[Webpacker] Everything's up-to-date. Nothing to do
Completed 200 OK in 616ms (Views: 607.8ms | ActiveRecord: 0.0ms | Allocations: 21319)


Started GET "/" for ::1 at 2020-04-25 17:25:52 +0900
Processing by WelcomeController#index as HTML
  Rendering welcome/index.html.erb within layouts/application
  Rendered welcome/index.html.erb within layouts/application (Duration: 30.0ms | Allocations: 1068)
[Webpacker] Everything's up-to-date. Nothing to do
[Webpacker] Everything's up-to-date. Nothing to do
Completed 200 OK in 544ms (Views: 534.6ms | ActiveRecord: 0.0ms | Allocations: 21307)


Started GET "/" for ::1 at 2020-04-25 17:27:05 +0900
Processing by WelcomeController#index as HTML
  Rendering welcome/index.html.erb within layouts/application
  Rendered welcome/index.html.erb within layouts/application (Duration: 24.5ms | Allocations: 1069)
[Webpacker] Everything's up-to-date. Nothing to do
[Webpacker] Everything's up-to-date. Nothing to do
Completed 200 OK in 625ms (Views: 615.4ms | ActiveRecord: 0.0ms | Allocations: 21304)


Started GET "/" for ::1 at 2020-04-25 17:29:48 +0900
Processing by WelcomeController#index as HTML
  Rendering welcome/index.html.erb within layouts/application
  Rendered welcome/index.html.erb within layouts/application (Duration: 25.5ms | Allocations: 1071)
[Webpacker] Everything's up-to-date. Nothing to do
[Webpacker] Everything's up-to-date. Nothing to do
Completed 200 OK in 667ms (Views: 655.3ms | ActiveRecord: 0.0ms | Allocations: 21316)


Started GET "/" for ::1 at 2020-04-25 17:31:23 +0900
Processing by WelcomeController#index as HTML
  Rendering welcome/index.html.erb within layouts/application
  Rendered welcome/index.html.erb within layouts/application (Duration: 20.5ms | Allocations: 1066)
[Webpacker] Everything's up-to-date. Nothing to do
[Webpacker] Everything's up-to-date. Nothing to do
Completed 200 OK in 590ms (Views: 581.5ms | ActiveRecord: 0.0ms | Allocations: 21307)


Started GET "/" for ::1 at 2020-04-25 17:36:14 +0900
Processing by WelcomeController#index as HTML
  Rendering welcome/index.html.erb within layouts/application
  Rendered welcome/index.html.erb within layouts/application (Duration: 38.5ms | Allocations: 1072)
[Webpacker] Everything's up-to-date. Nothing to do
[Webpacker] Everything's up-to-date. Nothing to do
Completed 200 OK in 740ms (Views: 726.2ms | ActiveRecord: 0.0ms | Allocations: 21332)


Started GET "/" for ::1 at 2020-04-25 17:37:41 +0900
Processing by WelcomeController#index as HTML
  Rendering welcome/index.html.erb within layouts/application
  Rendered welcome/index.html.erb within layouts/application (Duration: 29.8ms | Allocations: 1066)
[Webpacker] Everything's up-to-date. Nothing to do
[Webpacker] Everything's up-to-date. Nothing to do
Completed 200 OK in 833ms (Views: 823.2ms | ActiveRecord: 0.0ms | Allocations: 21314)


Started GET "/" for ::1 at 2020-04-25 17:39:18 +0900
Processing by WelcomeController#index as HTML
  Rendering welcome/index.html.erb within layouts/application
  Rendered welcome/index.html.erb within layouts/application (Duration: 62.0ms | Allocations: 1064)
[Webpacker] Everything's up-to-date. Nothing to do
[Webpacker] Everything's up-to-date. Nothing to do
Completed 200 OK in 830ms (Views: 784.3ms | ActiveRecord: 0.0ms | Allocations: 21305)


Started GET "/" for ::1 at 2020-04-25 17:42:46 +0900
Processing by WelcomeController#index as HTML
  Rendering welcome/index.html.erb within layouts/application
  Rendered welcome/index.html.erb within layouts/application (Duration: 41.7ms | Allocations: 1072)
[Webpacker] Everything's up-to-date. Nothing to do
[Webpacker] Everything's up-to-date. Nothing to do
Completed 200 OK in 711ms (Views: 694.0ms | ActiveRecord: 0.0ms | Allocations: 21317)


Started GET "/" for ::1 at 2020-04-25 17:42:53 +0900
Processing by WelcomeController#index as HTML
  Rendering welcome/index.html.erb within layouts/application
  Rendered welcome/index.html.erb within layouts/application (Duration: 25.2ms | Allocations: 886)
[Webpacker] Everything's up-to-date. Nothing to do
[Webpacker] Everything's up-to-date. Nothing to do
Completed 200 OK in 752ms (Views: 747.5ms | ActiveRecord: 0.0ms | Allocations: 20189)


Started GET "/" for ::1 at 2020-04-25 17:42:58 +0900
Processing by WelcomeController#index as HTML
  Rendering welcome/index.html.erb within layouts/application
  Rendered welcome/index.html.erb within layouts/application (Duration: 14.0ms | Allocations: 879)
[Webpacker] Everything's up-to-date. Nothing to do
[Webpacker] Everything's up-to-date. Nothing to do
Completed 200 OK in 599ms (Views: 596.7ms | ActiveRecord: 0.0ms | Allocations: 20184)


Started GET "/" for ::1 at 2020-04-25 17:44:42 +0900
Processing by WelcomeController#index as HTML
  Rendering welcome/index.html.erb within layouts/application
  Rendered welcome/index.html.erb within layouts/application (Duration: 32.8ms | Allocations: 1086)
[Webpacker] Everything's up-to-date. Nothing to do
[Webpacker] Everything's up-to-date. Nothing to do
Completed 200 OK in 667ms (Views: 658.7ms | ActiveRecord: 0.0ms | Allocations: 21333)


Started GET "/" for ::1 at 2020-04-25 17:44:51 +0900
Processing by WelcomeController#index as HTML
  Rendering welcome/index.html.erb within layouts/application
  Rendered welcome/index.html.erb within layouts/application (Duration: 17.5ms | Allocations: 887)
[Webpacker] Everything's up-to-date. Nothing to do
[Webpacker] Everything's up-to-date. Nothing to do
Completed 200 OK in 711ms (Views: 708.9ms | ActiveRecord: 0.0ms | Allocations: 20190)


Started GET "/" for ::1 at 2020-04-25 17:44:54 +0900
Processing by WelcomeController#index as HTML
  Rendering welcome/index.html.erb within layouts/application
  Rendered welcome/index.html.erb within layouts/application (Duration: 16.7ms | Allocations: 879)
[Webpacker] Everything's up-to-date. Nothing to do
[Webpacker] Everything's up-to-date. Nothing to do
Completed 200 OK in 962ms (Views: 960.3ms | ActiveRecord: 0.0ms | Allocations: 20178)


Started GET "/" for ::1 at 2020-04-25 17:45:08 +0900
Processing by WelcomeController#index as HTML
  Rendering welcome/index.html.erb within layouts/application
  Rendered welcome/index.html.erb within layouts/application (Duration: 16.3ms | Allocations: 879)
[Webpacker] Everything's up-to-date. Nothing to do
[Webpacker] Everything's up-to-date. Nothing to do
Completed 200 OK in 663ms (Views: 660.8ms | ActiveRecord: 0.0ms | Allocations: 20189)


Started GET "/" for ::1 at 2020-04-25 17:47:33 +0900
Processing by WelcomeController#index as HTML
  Rendering welcome/index.html.erb within layouts/application
  Rendered welcome/index.html.erb within layouts/application (Duration: 40.7ms | Allocations: 1072)
[Webpacker] Everything's up-to-date. Nothing to do
[Webpacker] Everything's up-to-date. Nothing to do
Completed 200 OK in 868ms (Views: 849.0ms | ActiveRecord: 0.0ms | Allocations: 21310)


Started GET "/" for ::1 at 2020-04-25 17:47:37 +0900
Processing by WelcomeController#index as HTML
  Rendering welcome/index.html.erb within layouts/application
  Rendered welcome/index.html.erb within layouts/application (Duration: 16.5ms | Allocations: 886)
[Webpacker] Everything's up-to-date. Nothing to do
[Webpacker] Everything's up-to-date. Nothing to do
Completed 200 OK in 517ms (Views: 513.7ms | ActiveRecord: 0.0ms | Allocations: 20188)


Started GET "/" for ::1 at 2020-04-25 17:47:40 +0900
Processing by WelcomeController#index as HTML
  Rendering welcome/index.html.erb within layouts/application
  Rendered welcome/index.html.erb within layouts/application (Duration: 19.2ms | Allocations: 880)
[Webpacker] Everything's up-to-date. Nothing to do
[Webpacker] Everything's up-to-date. Nothing to do
Completed 200 OK in 549ms (Views: 545.4ms | ActiveRecord: 0.0ms | Allocations: 20179)


Started GET "/welcome/index" for ::1 at 2020-04-25 17:47:47 +0900
Processing by WelcomeController#index as HTML
  Rendering welcome/index.html.erb within layouts/application
  Rendered welcome/index.html.erb within layouts/application (Duration: 46.5ms | Allocations: 879)
[Webpacker] Everything's up-to-date. Nothing to do
[Webpacker] Everything's up-to-date. Nothing to do
Completed 200 OK in 691ms (Views: 688.2ms | ActiveRecord: 0.0ms | Allocations: 20180)


Started GET "/" for ::1 at 2020-04-25 17:47:57 +0900
Processing by WelcomeController#index as HTML
  Rendering welcome/index.html.erb within layouts/application
  Rendered welcome/index.html.erb within layouts/application (Duration: 18.8ms | Allocations: 879)
[Webpacker] Everything's up-to-date. Nothing to do
[Webpacker] Everything's up-to-date. Nothing to do
Completed 200 OK in 586ms (Views: 584.6ms | ActiveRecord: 0.0ms | Allocations: 20183)


Started GET "/" for ::1 at 2020-04-25 17:49:14 +0900
Processing by WelcomeController#index as HTML
  Rendering welcome/index.html.erb within layouts/application
  Rendered welcome/index.html.erb within layouts/application (Duration: 38.6ms | Allocations: 1074)
[Webpacker] Everything's up-to-date. Nothing to do
[Webpacker] Everything's up-to-date. Nothing to do
Completed 200 OK in 1187ms (Views: 1178.8ms | ActiveRecord: 0.0ms | Allocations: 21324)


Started GET "/" for ::1 at 2020-04-25 17:50:14 +0900
Processing by WelcomeController#index as HTML
  Rendering welcome/index.html.erb within layouts/application
  Rendered welcome/index.html.erb within layouts/application (Duration: 34.4ms | Allocations: 1068)
[Webpacker] Everything's up-to-date. Nothing to do
[Webpacker] Everything's up-to-date. Nothing to do
Completed 200 OK in 919ms (Views: 910.3ms | ActiveRecord: 0.0ms | Allocations: 21313)


Started GET "/" for ::1 at 2020-04-25 17:56:50 +0900
  [1m[35m (1.1ms)[0m  [1m[34mSELECT sqlite_version(*)[0m
Processing by WelcomeController#index as HTML
  Rendering welcome/index.html.erb within layouts/application
  Rendered welcome/index.html.erb within layouts/application (Duration: 26.3ms | Allocations: 1074)
[Webpacker] Compiling...
[Webpacker] Compiled all packs in C:/rails/memovie/public/packs
[Webpacker] Hash: 6d75c7072cacc7f295de
Version: webpack 4.42.1
Time: 11997ms
Built at: 2020-04-25 17:57:18
                                     Asset       Size       Chunks                         Chunk Names
    js/application-9a360c8f465767324986.js    842 KiB  application  [emitted] [immutable]  application
js/application-9a360c8f465767324986.js.map    898 KiB  application  [emitted] [dev]        application
           js/raty-be28ca6ca606bb7ed544.js    432 KiB         raty  [emitted] [immutable]  raty
       js/raty-be28ca6ca606bb7ed544.js.map    420 KiB         raty  [emitted] [dev]        raty
                             manifest.json  654 bytes               [emitted]              
Entrypoint application = js/application-9a360c8f465767324986.js js/application-9a360c8f465767324986.js.map
Entrypoint raty = js/raty-be28ca6ca606bb7ed544.js js/raty-be28ca6ca606bb7ed544.js.map
[./app/javascript/channels sync recursive _channel\.js$] ./app/javascript/channels sync _channel\.js$ 160 bytes {application} [built]
[./app/javascript/channels/index.js] 211 bytes {application} [built]
[./app/javascript/packs/application.js] 769 bytes {application} [built]
[./app/javascript/packs/raty.js] 19.1 KiB {raty} [built]
[./node_modules/webpack/buildin/module.js] (webpack)/buildin/module.js 552 bytes {application} [built]
    + 111 hidden modules

[Webpacker] Everything's up-to-date. Nothing to do
Completed 200 OK in 30230ms (Views: 30217.8ms | ActiveRecord: 0.0ms | Allocations: 23498)


Started GET "/" for ::1 at 2020-04-25 17:58:06 +0900
Processing by WelcomeController#index as HTML
  Rendering welcome/index.html.erb within layouts/application
  Rendered welcome/index.html.erb within layouts/application (Duration: 36.8ms | Allocations: 1069)
[Webpacker] Everything's up-to-date. Nothing to do
[Webpacker] Everything's up-to-date. Nothing to do
Completed 200 OK in 586ms (Views: 579.0ms | ActiveRecord: 0.0ms | Allocations: 21311)


Started GET "/" for ::1 at 2020-04-25 17:59:01 +0900
Processing by WelcomeController#index as HTML
  Rendering welcome/index.html.erb within layouts/application
  Rendered welcome/index.html.erb within layouts/application (Duration: 25.7ms | Allocations: 1074)
[Webpacker] Everything's up-to-date. Nothing to do
[Webpacker] Everything's up-to-date. Nothing to do
Completed 200 OK in 1096ms (Views: 1085.3ms | ActiveRecord: 0.0ms | Allocations: 21314)


Started GET "/" for ::1 at 2020-04-25 18:03:47 +0900
Processing by WelcomeController#index as HTML
  Rendering welcome/index.html.erb within layouts/application
  Rendered welcome/index.html.erb within layouts/application (Duration: 26.6ms | Allocations: 1069)
[Webpacker] Everything's up-to-date. Nothing to do
[Webpacker] Everything's up-to-date. Nothing to do
Completed 200 OK in 894ms (Views: 882.1ms | ActiveRecord: 0.0ms | Allocations: 21328)


Started GET "/" for ::1 at 2020-04-25 18:07:09 +0900
Processing by WelcomeController#index as HTML
  Rendering welcome/index.html.erb within layouts/application
  Rendered welcome/index.html.erb within layouts/application (Duration: 1683.4ms | Allocations: 172954)
Completed 500 Internal Server Error in 1861ms (ActiveRecord: 0.0ms | Allocations: 174162)


  
ActionView::Template::Error (undefined local variable or method `welcome' for #<#<Class:0x0000000008621030>:0x0000000008628ba0>):
    17:       <div class="collapse navbar-collapse" id="Navber">
    18:         <ul class="nav navbar-nav">
    19:           <li class="nav-item">
    20:             <%= link_to "Home", controller: welcome, class: "nav-link" %>
    21:           </li>
    22:           <li class="nav-item">
    23:             <%= link_to "My movies", controller: 'articles', class: "nav-link" %>
  
app/views/welcome/index.html.erb:20
Started GET "/" for ::1 at 2020-04-25 18:07:30 +0900
Processing by WelcomeController#index as HTML
  Rendering welcome/index.html.erb within layouts/application
  Rendered welcome/index.html.erb within layouts/application (Duration: 26.3ms | Allocations: 1298)
[Webpacker] Everything's up-to-date. Nothing to do
[Webpacker] Everything's up-to-date. Nothing to do
Completed 200 OK in 521ms (Views: 514.7ms | ActiveRecord: 0.0ms | Allocations: 21556)


Started GET "/welcome/index?class=navbar-brand" for ::1 at 2020-04-25 18:07:37 +0900
Processing by WelcomeController#index as HTML
  Parameters: {"class"=>"navbar-brand"}
  Rendering welcome/index.html.erb within layouts/application
  Rendered welcome/index.html.erb within layouts/application (Duration: 17.4ms | Allocations: 1069)
[Webpacker] Everything's up-to-date. Nothing to do
[Webpacker] Everything's up-to-date. Nothing to do
Completed 200 OK in 505ms (Views: 501.8ms | ActiveRecord: 0.0ms | Allocations: 20371)


Started GET "/welcome/index?class=navbar-brand" for ::1 at 2020-04-25 18:07:42 +0900
Processing by WelcomeController#index as HTML
  Parameters: {"class"=>"navbar-brand"}
  Rendering welcome/index.html.erb within layouts/application
  Rendered welcome/index.html.erb within layouts/application (Duration: 21.4ms | Allocations: 1062)
[Webpacker] Everything's up-to-date. Nothing to do
[Webpacker] Everything's up-to-date. Nothing to do
Completed 200 OK in 585ms (Views: 581.3ms | ActiveRecord: 0.0ms | Allocations: 20359)


Started GET "/welcome/index?class=nav-link" for ::1 at 2020-04-25 18:07:50 +0900
Processing by WelcomeController#index as HTML
  Parameters: {"class"=>"nav-link"}
  Rendering welcome/index.html.erb within layouts/application
  Rendered welcome/index.html.erb within layouts/application (Duration: 28.2ms | Allocations: 1062)
[Webpacker] Everything's up-to-date. Nothing to do
[Webpacker] Everything's up-to-date. Nothing to do
Completed 200 OK in 646ms (Views: 643.5ms | ActiveRecord: 0.0ms | Allocations: 20376)


Started GET "/articles?class=nav-link" for ::1 at 2020-04-25 18:07:53 +0900
Processing by ArticlesController#index as HTML
  Parameters: {"class"=>"nav-link"}
  Rendering articles/index.html.erb within layouts/application
  [1m[36mArticle Load (1.4ms)[0m  [1m[34mSELECT "articles".* FROM "articles"[0m
  â†³ app/views/articles/index.html.erb:15
  Rendered articles/index.html.erb within layouts/application (Duration: 247.5ms | Allocations: 3022)
[Webpacker] Everything's up-to-date. Nothing to do
[Webpacker] Everything's up-to-date. Nothing to do
Completed 200 OK in 823ms (Views: 813.0ms | ActiveRecord: 1.4ms | Allocations: 22918)


Started GET "/" for ::1 at 2020-04-25 18:08:41 +0900
Processing by WelcomeController#index as HTML
  Rendering welcome/index.html.erb within layouts/application
  Rendered welcome/index.html.erb within layouts/application (Duration: 24.9ms | Allocations: 1302)
[Webpacker] Everything's up-to-date. Nothing to do
[Webpacker] Everything's up-to-date. Nothing to do
Completed 200 OK in 656ms (Views: 649.2ms | ActiveRecord: 0.0ms | Allocations: 21558)


Started GET "/" for ::1 at 2020-04-25 18:08:58 +0900
Processing by WelcomeController#index as HTML
  Rendering welcome/index.html.erb within layouts/application
  Rendered welcome/index.html.erb within layouts/application (Duration: 26.7ms | Allocations: 1293)
[Webpacker] Everything's up-to-date. Nothing to do
[Webpacker] Everything's up-to-date. Nothing to do
Completed 200 OK in 983ms (Views: 965.1ms | ActiveRecord: 0.0ms | Allocations: 21535)


Started GET "/" for ::1 at 2020-04-25 18:10:11 +0900
Processing by WelcomeController#index as HTML
  Rendering welcome/index.html.erb within layouts/application
  Rendered welcome/index.html.erb within layouts/application (Duration: 45.3ms | Allocations: 1293)
[Webpacker] Everything's up-to-date. Nothing to do
[Webpacker] Everything's up-to-date. Nothing to do
Completed 200 OK in 694ms (Views: 682.1ms | ActiveRecord: 0.0ms | Allocations: 21531)


Started GET "/" for ::1 at 2020-04-25 18:10:47 +0900
Processing by WelcomeController#index as HTML
  Rendering welcome/index.html.erb within layouts/application
  Rendered welcome/index.html.erb within layouts/application (Duration: 42.3ms | Allocations: 1301)
[Webpacker] Everything's up-to-date. Nothing to do
[Webpacker] Everything's up-to-date. Nothing to do
Completed 200 OK in 1006ms (Views: 990.2ms | ActiveRecord: 0.0ms | Allocations: 21543)


Started GET "/" for ::1 at 2020-04-25 18:18:08 +0900
  [1m[35m (0.3ms)[0m  [1m[34mSELECT sqlite_version(*)[0m
Processing by WelcomeController#index as HTML
  Rendering welcome/index.html.erb within layouts/application
  Rendered welcome/index.html.erb within layouts/application (Duration: 19.0ms | Allocations: 1298)
[Webpacker] Everything's up-to-date. Nothing to do
[Webpacker] Everything's up-to-date. Nothing to do
Completed 200 OK in 587ms (Views: 574.2ms | ActiveRecord: 0.0ms | Allocations: 21549)


Started GET "/" for ::1 at 2020-04-25 18:20:09 +0900
Processing by WelcomeController#index as HTML
  Rendering welcome/index.html.erb within layouts/application
  Rendered welcome/index.html.erb within layouts/application (Duration: 30.6ms | Allocations: 1303)
[Webpacker] Everything's up-to-date. Nothing to do
[Webpacker] Everything's up-to-date. Nothing to do
Completed 200 OK in 1457ms (Views: 1423.0ms | ActiveRecord: 0.0ms | Allocations: 21544)


Started GET "/welcome/index?class=nav-link" for ::1 at 2020-04-25 18:33:07 +0900
  [1m[35m (0.5ms)[0m  [1m[34mSELECT sqlite_version(*)[0m
Processing by WelcomeController#index as HTML
  Parameters: {"class"=>"nav-link"}
  Rendering welcome/index.html.erb within layouts/application
  Rendered welcome/index.html.erb within layouts/application (Duration: 43.0ms | Allocations: 1297)
[Webpacker] Everything's up-to-date. Nothing to do
[Webpacker] Everything's up-to-date. Nothing to do
Completed 200 OK in 1472ms (Views: 1455.8ms | ActiveRecord: 0.0ms | Allocations: 21535)


Started GET "/welcome/index?class=nav-link" for ::1 at 2020-04-25 18:33:22 +0900
Processing by WelcomeController#index as HTML
  Parameters: {"class"=>"nav-link"}
  Rendering welcome/index.html.erb within layouts/application
  Rendered welcome/index.html.erb within layouts/application (Duration: 34.7ms | Allocations: 1302)
[Webpacker] Everything's up-to-date. Nothing to do
[Webpacker] Everything's up-to-date. Nothing to do
Completed 200 OK in 949ms (Views: 915.7ms | ActiveRecord: 0.0ms | Allocations: 21556)


Started GET "/welcome/index?class=nav-link" for ::1 at 2020-04-25 18:33:34 +0900
Processing by WelcomeController#index as HTML
  Parameters: {"class"=>"nav-link"}
  Rendering welcome/index.html.erb within layouts/application
  Rendered welcome/index.html.erb within layouts/application (Duration: 34.8ms | Allocations: 1298)
[Webpacker] Everything's up-to-date. Nothing to do
[Webpacker] Everything's up-to-date. Nothing to do
Completed 200 OK in 1131ms (Views: 1117.5ms | ActiveRecord: 0.0ms | Allocations: 21539)


Started GET "/welcome/index?class=nav-link" for ::1 at 2020-04-25 18:37:28 +0900
Processing by WelcomeController#index as HTML
  Parameters: {"class"=>"nav-link"}
  Rendering welcome/index.html.erb within layouts/application
  Rendered welcome/index.html.erb within layouts/application (Duration: 29.1ms | Allocations: 1309)
[Webpacker] Everything's up-to-date. Nothing to do
[Webpacker] Everything's up-to-date. Nothing to do
Completed 200 OK in 671ms (Views: 662.2ms | ActiveRecord: 0.0ms | Allocations: 21567)


Started GET "/welcome/index?class=navbar-brand" for ::1 at 2020-04-25 18:37:34 +0900
Processing by WelcomeController#index as HTML
  Parameters: {"class"=>"navbar-brand"}
  Rendering welcome/index.html.erb within layouts/application
  Rendered welcome/index.html.erb within layouts/application (Duration: 25.5ms | Allocations: 1069)
[Webpacker] Everything's up-to-date. Nothing to do
[Webpacker] Everything's up-to-date. Nothing to do
Completed 200 OK in 501ms (Views: 498.9ms | ActiveRecord: 0.0ms | Allocations: 20371)


Started GET "/welcome/index?class=navbar-brand" for ::1 at 2020-04-25 18:37:37 +0900
Processing by WelcomeController#index as HTML
  Parameters: {"class"=>"navbar-brand"}
  Rendering welcome/index.html.erb within layouts/application
  Rendered welcome/index.html.erb within layouts/application (Duration: 19.0ms | Allocations: 1062)
[Webpacker] Everything's up-to-date. Nothing to do
[Webpacker] Everything's up-to-date. Nothing to do
Completed 200 OK in 535ms (Views: 532.4ms | ActiveRecord: 0.0ms | Allocations: 20360)


Started GET "/welcome/index?class=navbar-brand" for ::1 at 2020-04-25 18:38:15 +0900
Processing by WelcomeController#index as HTML
  Parameters: {"class"=>"navbar-brand"}
  Rendering welcome/index.html.erb within layouts/application
  Rendered welcome/index.html.erb within layouts/application (Duration: 35.7ms | Allocations: 1310)
[Webpacker] Everything's up-to-date. Nothing to do
[Webpacker] Everything's up-to-date. Nothing to do
Completed 200 OK in 639ms (Views: 630.7ms | ActiveRecord: 0.0ms | Allocations: 21562)


Started GET "/welcome/index?class=navbar-brand" for ::1 at 2020-04-25 18:39:15 +0900
Processing by WelcomeController#index as HTML
  Parameters: {"class"=>"navbar-brand"}
  Rendering welcome/index.html.erb within layouts/application
  Rendered welcome/index.html.erb within layouts/application (Duration: 31.7ms | Allocations: 1301)
[Webpacker] Everything's up-to-date. Nothing to do
[Webpacker] Everything's up-to-date. Nothing to do
Completed 200 OK in 1078ms (Views: 1069.6ms | ActiveRecord: 0.0ms | Allocations: 21532)


Started GET "/articles?class=nav-link" for ::1 at 2020-04-25 18:47:12 +0900
  [1m[35m (0.4ms)[0m  [1m[34mSELECT sqlite_version(*)[0m
Processing by ArticlesController#index as HTML
  Parameters: {"class"=>"nav-link"}
  Rendering articles/index.html.erb within layouts/application
  [1m[36mArticle Load (3.0ms)[0m  [1m[34mSELECT "articles".* FROM "articles"[0m
  â†³ app/views/articles/index.html.erb:15
  Rendered articles/index.html.erb within layouts/application (Duration: 138.7ms | Allocations: 3022)
[Webpacker] Everything's up-to-date. Nothing to do
[Webpacker] Everything's up-to-date. Nothing to do
Completed 200 OK in 765ms (Views: 751.1ms | ActiveRecord: 3.0ms | Allocations: 23287)


Started GET "/articles?class=nav-link" for ::1 at 2020-04-25 18:47:31 +0900
Processing by ArticlesController#index as HTML
  Parameters: {"class"=>"nav-link"}
  Rendering articles/index.html.erb within layouts/application
  [1m[36mArticle Load (0.9ms)[0m  [1m[34mSELECT "articles".* FROM "articles"[0m
  â†³ app/views/articles/index.html.erb:15
  Rendered articles/index.html.erb within layouts/application (Duration: 331.4ms | Allocations: 2622)
[Webpacker] Everything's up-to-date. Nothing to do
[Webpacker] Everything's up-to-date. Nothing to do
Completed 200 OK in 1066ms (Views: 1059.1ms | ActiveRecord: 0.9ms | Allocations: 21940)


Started GET "/welcome/index?class=navbar-brand" for ::1 at 2020-04-25 18:47:37 +0900
Processing by WelcomeController#index as HTML
  Parameters: {"class"=>"navbar-brand"}
  Rendering welcome/index.html.erb within layouts/application
  Rendered welcome/index.html.erb within layouts/application (Duration: 32.5ms | Allocations: 1180)
[Webpacker] Everything's up-to-date. Nothing to do
[Webpacker] Everything's up-to-date. Nothing to do
Completed 200 OK in 866ms (Views: 853.6ms | ActiveRecord: 0.0ms | Allocations: 21046)


Started GET "/articles?class=nav-link" for ::1 at 2020-04-25 18:47:42 +0900
Processing by ArticlesController#index as HTML
  Parameters: {"class"=>"nav-link"}
  Rendering articles/index.html.erb within layouts/application
  [1m[36mArticle Load (1.0ms)[0m  [1m[34mSELECT "articles".* FROM "articles"[0m
  â†³ app/views/articles/index.html.erb:15
  Rendered articles/index.html.erb within layouts/application (Duration: 380.2ms | Allocations: 2625)
[Webpacker] Everything's up-to-date. Nothing to do
[Webpacker] Everything's up-to-date. Nothing to do
Completed 200 OK in 939ms (Views: 933.6ms | ActiveRecord: 1.0ms | Allocations: 21940)


Started GET "/articles?class=nav-link" for ::1 at 2020-04-25 18:47:46 +0900
Processing by ArticlesController#index as HTML
  Parameters: {"class"=>"nav-link"}
  Rendering articles/index.html.erb within layouts/application
  [1m[36mArticle Load (0.9ms)[0m  [1m[34mSELECT "articles".* FROM "articles"[0m
  â†³ app/views/articles/index.html.erb:15
  Rendered articles/index.html.erb within layouts/application (Duration: 201.5ms | Allocations: 2614)
[Webpacker] Everything's up-to-date. Nothing to do
[Webpacker] Everything's up-to-date. Nothing to do
Completed 200 OK in 896ms (Views: 892.8ms | ActiveRecord: 0.9ms | Allocations: 21930)


Started GET "/" for ::1 at 2020-04-25 20:37:16 +0900
  [1m[35m (23.2ms)[0m  [1m[34mSELECT sqlite_version(*)[0m
  [1m[35m (1.6ms)[0m  [1m[34mSELECT "schema_migrations"."version" FROM "schema_migrations" ORDER BY "schema_migrations"."version" ASC[0m
Processing by WelcomeController#index as HTML
  Rendering welcome/index.html.erb within layouts/application
  Rendered welcome/index.html.erb within layouts/application (Duration: 637.6ms | Allocations: 27333)
[Webpacker] Everything's up-to-date. Nothing to do
[Webpacker] Everything's up-to-date. Nothing to do
Completed 200 OK in 1400ms (Views: 1258.8ms | ActiveRecord: 0.0ms | Allocations: 49131)


Started GET "/" for ::1 at 2020-04-25 20:38:08 +0900
Processing by WelcomeController#index as HTML
  Rendering welcome/index.html.erb within layouts/application
  Rendered welcome/index.html.erb within layouts/application (Duration: 49.0ms | Allocations: 1287)
[Webpacker] Everything's up-to-date. Nothing to do
[Webpacker] Everything's up-to-date. Nothing to do
Completed 200 OK in 1091ms (Views: 1080.0ms | ActiveRecord: 0.0ms | Allocations: 21532)


